<?xml version="1.0" encoding="UTF-8"?>
<coverage generated="1661772507856" clover="3.2.0">
  <project timestamp="1661772507856" name="All files">
    <metrics statements="471" coveredstatements="272" conditionals="216" coveredconditionals="127" methods="91" coveredmethods="53" elements="778" coveredelements="452" complexity="0" loc="471" ncloc="471" packages="1" files="6" classes="6"/>
    <file name="Interpreter.ts" path="/home/gardens/Desktop/web learning/stox/src/Interpreter.ts">
      <metrics statements="132" coveredstatements="84" conditionals="52" coveredconditionals="25" methods="38" coveredmethods="21"/>
      <line num="1" count="1" type="stmt"/>
      <line num="2" count="1" type="stmt"/>
      <line num="4" count="1" type="stmt"/>
      <line num="19" count="68" type="stmt"/>
      <line num="20" count="68" type="stmt"/>
      <line num="22" count="68" type="stmt"/>
      <line num="23" count="68" type="stmt"/>
      <line num="24" count="68" type="stmt"/>
      <line num="25" count="68" type="stmt"/>
      <line num="26" count="68" type="stmt"/>
      <line num="27" count="68" type="stmt"/>
      <line num="28" count="68" type="stmt"/>
      <line num="29" count="68" type="stmt"/>
      <line num="30" count="68" type="stmt"/>
      <line num="31" count="68" type="stmt"/>
      <line num="35" count="68" type="stmt"/>
      <line num="36" count="68" type="stmt"/>
      <line num="41" count="68" type="stmt"/>
      <line num="42" count="68" type="stmt"/>
      <line num="43" count="68" type="stmt"/>
      <line num="44" count="68" type="cond" truecount="2" falsecount="0"/>
      <line num="45" count="274" type="stmt"/>
      <line num="50" count="4" type="cond" truecount="2" falsecount="0"/>
      <line num="51" count="3" type="stmt"/>
      <line num="53" count="1" type="stmt"/>
      <line num="56" count="64" type="stmt"/>
      <line num="57" count="64" type="stmt"/>
      <line num="61" count="274" type="stmt"/>
      <line num="63" count="274" type="cond" truecount="1" falsecount="1"/>
      <line num="64" count="0" type="stmt"/>
      <line num="65" count="0" type="stmt"/>
      <line num="70" count="274" type="stmt"/>
      <line num="71" count="270" type="stmt"/>
      <line num="72" count="270" type="stmt"/>
      <line num="73" count="270" type="stmt"/>
      <line num="81" count="0" type="stmt"/>
      <line num="86" count="0" type="stmt"/>
      <line num="89" count="0" type="stmt"/>
      <line num="90" count="0" type="stmt"/>
      <line num="91" count="0" type="stmt"/>
      <line num="93" count="0" type="stmt"/>
      <line num="94" count="0" type="stmt"/>
      <line num="100" count="68" type="cond" truecount="1" falsecount="1"/>
      <line num="103" count="68" type="stmt"/>
      <line num="104" count="68" type="stmt"/>
      <line num="105" count="68" type="stmt"/>
      <line num="106" count="68" type="cond" truecount="1" falsecount="1"/>
      <line num="107" count="68" type="cond" truecount="1" falsecount="1"/>
      <line num="108" count="68" type="stmt"/>
      <line num="109" count="420" type="stmt"/>
      <line num="111" count="420" type="cond" truecount="1" falsecount="1"/>
      <line num="113" count="0" type="stmt"/>
      <line num="114" count="0" type="stmt"/>
      <line num="115" count="0" type="cond" truecount="0" falsecount="1"/>
      <line num="117" count="420" type="cond" truecount="1" falsecount="1"/>
      <line num="118" count="0" type="stmt"/>
      <line num="120" count="0" type="cond" truecount="0" falsecount="2"/>
      <line num="121" count="0" type="stmt"/>
      <line num="122" count="0" type="cond" truecount="0" falsecount="1"/>
      <line num="125" count="0" type="stmt"/>
      <line num="129" count="420" type="stmt"/>
      <line num="131" count="420" type="cond" truecount="2" falsecount="0"/>
      <line num="132" count="420" type="cond" truecount="2" falsecount="0"/>
      <line num="136" count="420" type="cond" truecount="4" falsecount="0"/>
      <line num="138" count="278" type="stmt"/>
      <line num="146" count="68" type="cond" truecount="1" falsecount="1"/>
      <line num="147" count="0" type="stmt"/>
      <line num="148" count="68" type="cond" truecount="0" falsecount="1"/>
      <line num="149" count="0" type="stmt"/>
      <line num="150" count="68" type="stmt"/>
      <line num="153" count="71" type="stmt"/>
      <line num="155" count="71" type="cond" truecount="1" falsecount="1"/>
      <line num="157" count="71" type="stmt"/>
      <line num="158" count="67" type="stmt"/>
      <line num="160" count="0" type="stmt"/>
      <line num="164" count="10" type="stmt"/>
      <line num="167" count="129" type="stmt"/>
      <line num="170" count="0" type="stmt"/>
      <line num="179" count="139" type="stmt"/>
      <line num="187" count="139" type="stmt"/>
      <line num="188" count="139" type="stmt"/>
      <line num="192" count="206" type="cond" truecount="1" falsecount="1"/>
      <line num="193" count="0" type="stmt"/>
      <line num="194" count="0" type="stmt"/>
      <line num="196" count="206" type="stmt"/>
      <line num="197" count="206" type="stmt"/>
      <line num="202" count="64" type="stmt"/>
      <line num="204" count="64" type="stmt"/>
      <line num="208" count="142" type="stmt"/>
      <line num="209" count="142" type="stmt"/>
      <line num="210" count="142" type="stmt"/>
      <line num="214" count="0" type="cond" truecount="0" falsecount="2"/>
      <line num="215" count="0" type="stmt"/>
      <line num="216" count="0" type="stmt"/>
      <line num="217" count="0" type="cond" truecount="0" falsecount="1"/>
      <line num="218" count="0" type="stmt"/>
      <line num="219" count="0" type="stmt"/>
      <line num="224" count="0" type="stmt"/>
      <line num="225" count="0" type="stmt"/>
      <line num="226" count="0" type="stmt"/>
      <line num="230" count="206" type="stmt"/>
      <line num="232" count="206" type="stmt"/>
      <line num="233" count="206" type="cond" truecount="1" falsecount="1"/>
      <line num="234" count="206" type="stmt"/>
      <line num="236" count="0" type="stmt"/>
      <line num="242" count="0" type="stmt"/>
      <line num="243" count="0" type="stmt"/>
      <line num="247" count="0" type="stmt"/>
      <line num="251" count="0" type="stmt"/>
      <line num="256" count="0" type="stmt"/>
      <line num="258" count="0" type="stmt"/>
      <line num="259" count="0" type="stmt"/>
      <line num="264" count="0" type="cond" truecount="0" falsecount="1"/>
      <line num="265" count="0" type="stmt"/>
      <line num="273" count="483" type="cond" truecount="0" falsecount="1"/>
      <line num="274" count="0" type="stmt"/>
      <line num="278" count="90" type="cond" truecount="3" falsecount="0"/>
      <line num="279" count="3" type="stmt"/>
      <line num="284" count="208" type="cond" truecount="0" falsecount="1"/>
      <line num="285" count="0" type="stmt"/>
      <line num="287" count="208" type="stmt"/>
      <line num="291" count="2" type="stmt"/>
      <line num="292" count="2" type="cond" truecount="0" falsecount="1"/>
      <line num="293" count="0" type="stmt"/>
      <line num="295" count="2" type="stmt"/>
      <line num="299" count="0" type="cond" truecount="0" falsecount="3"/>
      <line num="300" count="0" type="stmt"/>
      <line num="302" count="0" type="stmt"/>
      <line num="306" count="480" type="stmt"/>
      <line num="310" count="818" type="stmt"/>
      <line num="313" count="270" type="stmt"/>
      <line num="317" count="1" type="stmt"/>
    </file>
    <file name="Lexer.ts" path="/home/gardens/Desktop/web learning/stox/src/Lexer.ts">
      <metrics statements="98" coveredstatements="71" conditionals="62" coveredconditionals="43" methods="21" coveredmethods="18"/>
      <line num="1" count="1" type="stmt"/>
      <line num="13" count="68" type="stmt"/>
      <line num="14" count="68" type="stmt"/>
      <line num="15" count="68" type="stmt"/>
      <line num="16" count="68" type="stmt"/>
      <line num="17" count="68" type="stmt"/>
      <line num="18" count="68" type="stmt"/>
      <line num="19" count="68" type="stmt"/>
      <line num="23" count="68" type="stmt"/>
      <line num="24" count="68" type="stmt"/>
      <line num="25" count="352" type="stmt"/>
      <line num="26" count="352" type="stmt"/>
      <line num="28" count="68" type="cond" truecount="1" falsecount="0"/>
      <line num="29" count="68" type="stmt"/>
      <line num="30" count="68" type="stmt"/>
      <line num="34" count="352" type="stmt"/>
      <line num="40" count="352" type="cond" truecount="2" falsecount="0"/>
      <line num="42" count="3" type="cond" truecount="1" falsecount="1"/>
      <line num="44" count="0" type="stmt"/>
      <line num="47" count="3" type="stmt"/>
      <line num="49" count="349" type="cond" truecount="3" falsecount="1"/>
      <line num="50" count="0" type="stmt"/>
      <line num="51" count="349" type="cond" truecount="4" falsecount="0"/>
      <line num="52" count="10" type="stmt"/>
      <line num="53" count="339" type="cond" truecount="1" falsecount="1"/>
      <line num="54" count="0" type="stmt"/>
      <line num="55" count="0" type="stmt"/>
      <line num="57" count="339" type="cond" truecount="1" falsecount="1"/>
      <line num="58" count="0" type="stmt"/>
      <line num="59" count="0" type="stmt"/>
      <line num="60" count="339" type="cond" truecount="2" falsecount="0"/>
      <line num="61" count="129" type="stmt"/>
      <line num="62" count="210" type="cond" truecount="2" falsecount="0"/>
      <line num="63" count="68" type="stmt"/>
      <line num="64" count="142" type="cond" truecount="1" falsecount="1"/>
      <line num="65" count="142" type="stmt"/>
      <line num="68" count="0" type="stmt"/>
      <line num="74" count="71" type="stmt"/>
      <line num="76" count="71" type="cond" truecount="1" falsecount="1"/>
      <line num="78" count="0" type="stmt"/>
      <line num="79" count="0" type="stmt"/>
      <line num="81" count="71" type="cond" truecount="1" falsecount="1"/>
      <line num="83" count="0" type="stmt"/>
      <line num="84" count="0" type="stmt"/>
      <line num="88" count="71" type="stmt"/>
      <line num="91" count="71" type="stmt"/>
      <line num="92" count="71" type="stmt"/>
      <line num="93" count="71" type="cond" truecount="1" falsecount="0"/>
      <line num="95" count="71" type="stmt"/>
      <line num="100" count="129" type="cond" truecount="2" falsecount="0"/>
      <line num="104" count="71" type="cond" truecount="2" falsecount="0"/>
      <line num="109" count="129" type="stmt"/>
      <line num="112" count="129" type="cond" truecount="1" falsecount="2"/>
      <line num="113" count="0" type="stmt"/>
      <line num="116" count="0" type="stmt"/>
      <line num="118" count="129" type="stmt"/>
      <line num="122" count="0" type="cond" truecount="0" falsecount="2"/>
      <line num="123" count="0" type="stmt"/>
      <line num="125" count="0" type="stmt"/>
      <line num="132" count="10" type="stmt"/>
      <line num="137" count="45" type="cond" truecount="0" falsecount="1"/>
      <line num="138" count="0" type="stmt"/>
      <line num="140" count="45" type="stmt"/>
      <line num="143" count="10" type="cond" truecount="0" falsecount="1"/>
      <line num="144" count="0" type="stmt"/>
      <line num="148" count="10" type="stmt"/>
      <line num="150" count="10" type="stmt"/>
      <line num="154" count="10" type="stmt"/>
      <line num="160" count="142" type="cond" truecount="1" falsecount="1"/>
      <line num="161" count="0" type="stmt"/>
      <line num="163" count="142" type="stmt"/>
      <line num="164" count="142" type="stmt"/>
      <line num="168" count="0" type="cond" truecount="0" falsecount="1"/>
      <line num="170" count="0" type="stmt"/>
      <line num="172" count="0" type="cond" truecount="0" falsecount="2"/>
      <line num="173" count="0" type="stmt"/>
      <line num="175" count="0" type="stmt"/>
      <line num="176" count="0" type="stmt"/>
      <line num="181" count="795" type="cond" truecount="0" falsecount="1"/>
      <line num="182" count="795" type="cond" truecount="1" falsecount="0"/>
      <line num="183" count="723" type="stmt"/>
      <line num="187" count="317" type="cond" truecount="3" falsecount="0"/>
      <line num="192" count="107" type="cond" truecount="2" falsecount="0"/>
      <line num="196" count="760" type="stmt"/>
      <line num="199" count="601" type="stmt"/>
      <line num="206" count="352" type="stmt"/>
      <line num="207" count="352" type="stmt"/>
      <line num="212" count="352" type="stmt"/>
      <line num="213" count="352" type="stmt"/>
      <line num="214" count="352" type="stmt"/>
      <line num="215" count="352" type="stmt"/>
      <line num="219" count="0" type="stmt"/>
      <line num="220" count="0" type="stmt"/>
      <line num="225" count="453" type="stmt"/>
      <line num="226" count="453" type="stmt"/>
      <line num="227" count="453" type="stmt"/>
      <line num="231" count="589" type="stmt"/>
      <line num="235" count="1" type="stmt"/>
    </file>
    <file name="StackOperation.ts" path="/home/gardens/Desktop/web learning/stox/src/StackOperation.ts">
      <metrics statements="8" coveredstatements="6" conditionals="8" coveredconditionals="6" methods="2" coveredmethods="1"/>
      <line num="4" count="1" type="stmt"/>
      <line num="19" count="206" type="stmt"/>
      <line num="20" count="206" type="stmt"/>
      <line num="21" count="206" type="cond" truecount="3" falsecount="1"/>
      <line num="22" count="206" type="cond" truecount="3" falsecount="1"/>
      <line num="23" count="206" type="stmt"/>
      <line num="27" count="0" type="stmt"/>
      <line num="31" count="0" type="stmt"/>
    </file>
    <file name="StandardLib.ts" path="/home/gardens/Desktop/web learning/stox/src/StandardLib.ts">
      <metrics statements="171" coveredstatements="66" conditionals="78" coveredconditionals="49" methods="16" coveredmethods="3"/>
      <line num="2" count="1" type="stmt"/>
      <line num="3" count="1" type="stmt"/>
      <line num="9" count="1" type="stmt"/>
      <line num="11" count="139" type="stmt"/>
      <line num="12" count="139" type="stmt"/>
      <line num="20" count="0" type="stmt"/>
      <line num="27" count="0" type="stmt"/>
      <line num="28" count="0" type="stmt"/>
      <line num="29" count="0" type="cond" truecount="0" falsecount="2"/>
      <line num="31" count="0" type="stmt"/>
      <line num="32" count="0" type="stmt"/>
      <line num="33" count="0" type="stmt"/>
      <line num="34" count="0" type="stmt"/>
      <line num="35" count="0" type="stmt"/>
      <line num="36" count="0" type="stmt"/>
      <line num="41" count="0" type="cond" truecount="0" falsecount="2"/>
      <line num="43" count="0" type="stmt"/>
      <line num="44" count="0" type="stmt"/>
      <line num="45" count="0" type="cond" truecount="0" falsecount="2"/>
      <line num="46" count="0" type="cond" truecount="0" falsecount="1"/>
      <line num="47" count="0" type="stmt"/>
      <line num="49" count="0" type="stmt"/>
      <line num="50" count="0" type="stmt"/>
      <line num="52" count="0" type="stmt"/>
      <line num="53" count="0" type="stmt"/>
      <line num="55" count="0" type="stmt"/>
      <line num="61" count="0" type="stmt"/>
      <line num="63" count="0" type="stmt"/>
      <line num="70" count="0" type="stmt"/>
      <line num="74" count="0" type="stmt"/>
      <line num="80" count="0" type="stmt"/>
      <line num="81" count="0" type="stmt"/>
      <line num="82" count="0" type="stmt"/>
      <line num="83" count="0" type="stmt"/>
      <line num="84" count="0" type="stmt"/>
      <line num="91" count="0" type="stmt"/>
      <line num="92" count="0" type="stmt"/>
      <line num="93" count="0" type="stmt"/>
      <line num="101" count="0" type="stmt"/>
      <line num="102" count="0" type="stmt"/>
      <line num="103" count="0" type="stmt"/>
      <line num="104" count="0" type="stmt"/>
      <line num="105" count="0" type="stmt"/>
      <line num="106" count="0" type="stmt"/>
      <line num="107" count="0" type="stmt"/>
      <line num="115" count="0" type="stmt"/>
      <line num="116" count="0" type="stmt"/>
      <line num="117" count="0" type="stmt"/>
      <line num="118" count="0" type="stmt"/>
      <line num="119" count="0" type="stmt"/>
      <line num="120" count="0" type="stmt"/>
      <line num="121" count="0" type="stmt"/>
      <line num="128" count="0" type="stmt"/>
      <line num="129" count="0" type="stmt"/>
      <line num="136" count="0" type="stmt"/>
      <line num="137" count="0" type="stmt"/>
      <line num="138" count="0" type="stmt"/>
      <line num="145" count="0" type="stmt"/>
      <line num="146" count="0" type="stmt"/>
      <line num="155" count="0" type="stmt"/>
      <line num="156" count="0" type="stmt"/>
      <line num="157" count="0" type="stmt"/>
      <line num="158" count="0" type="stmt"/>
      <line num="159" count="0" type="stmt"/>
      <line num="160" count="0" type="stmt"/>
      <line num="161" count="0" type="stmt"/>
      <line num="162" count="0" type="stmt"/>
      <line num="193" count="0" type="stmt"/>
      <line num="194" count="0" type="stmt"/>
      <line num="195" count="0" type="cond" truecount="0" falsecount="2"/>
      <line num="196" count="0" type="stmt"/>
      <line num="203" count="0" type="stmt"/>
      <line num="215" count="0" type="stmt"/>
      <line num="216" count="0" type="stmt"/>
      <line num="217" count="0" type="cond" truecount="0" falsecount="2"/>
      <line num="218" count="0" type="stmt"/>
      <line num="222" count="0" type="cond" truecount="0" falsecount="1"/>
      <line num="226" count="0" type="stmt"/>
      <line num="229" count="0" type="stmt"/>
      <line num="233" count="0" type="stmt"/>
      <line num="240" count="0" type="stmt"/>
      <line num="243" count="0" type="stmt"/>
      <line num="244" count="0" type="stmt"/>
      <line num="246" count="0" type="stmt"/>
      <line num="247" count="0" type="stmt"/>
      <line num="256" count="0" type="stmt"/>
      <line num="257" count="0" type="stmt"/>
      <line num="258" count="0" type="stmt"/>
      <line num="259" count="0" type="stmt"/>
      <line num="268" count="0" type="stmt"/>
      <line num="269" count="0" type="stmt"/>
      <line num="270" count="0" type="stmt"/>
      <line num="271" count="0" type="stmt"/>
      <line num="272" count="0" type="cond" truecount="0" falsecount="2"/>
      <line num="273" count="0" type="stmt"/>
      <line num="274" count="0" type="stmt"/>
      <line num="286" count="13" type="stmt"/>
      <line num="289" count="71" type="stmt"/>
      <line num="290" count="71" type="stmt"/>
      <line num="291" count="71" type="stmt"/>
      <line num="292" count="71" type="stmt"/>
      <line num="293" count="71" type="stmt"/>
      <line num="296" count="71" type="cond" truecount="1" falsecount="0"/>
      <line num="297" count="44" type="stmt"/>
      <line num="298" count="44" type="stmt"/>
      <line num="303" count="68" type="cond" truecount="0" falsecount="1"/>
      <line num="304" count="0" type="stmt"/>
      <line num="305" count="0" type="cond" truecount="0" falsecount="2"/>
      <line num="306" count="0" type="stmt"/>
      <line num="307" count="0" type="cond" truecount="0" falsecount="2"/>
      <line num="311" count="68" type="stmt"/>
      <line num="312" count="68" type="stmt"/>
      <line num="313" count="68" type="stmt"/>
      <line num="315" count="68" type="cond" truecount="2" falsecount="0"/>
      <line num="316" count="68" type="cond" truecount="2" falsecount="0"/>
      <line num="317" count="68" type="cond" truecount="2" falsecount="0"/>
      <line num="318" count="68" type="cond" truecount="2" falsecount="0"/>
      <line num="319" count="68" type="cond" truecount="2" falsecount="0"/>
      <line num="321" count="68" type="cond" truecount="11" falsecount="3"/>
      <line num="324" count="4" type="cond" truecount="2" falsecount="0"/>
      <line num="325" count="2" type="stmt"/>
      <line num="326" count="2" type="cond" truecount="1" falsecount="1"/>
      <line num="327" count="2" type="stmt"/>
      <line num="328" count="2" type="stmt"/>
      <line num="330" count="0" type="stmt"/>
      <line num="331" count="0" type="stmt"/>
      <line num="333" count="4" type="stmt"/>
      <line num="335" count="5" type="cond" truecount="2" falsecount="0"/>
      <line num="336" count="2" type="stmt"/>
      <line num="337" count="2" type="stmt"/>
      <line num="338" count="3" type="cond" truecount="2" falsecount="0"/>
      <line num="339" count="1" type="stmt"/>
      <line num="340" count="1" type="stmt"/>
      <line num="341" count="1" type="stmt"/>
      <line num="342" count="1" type="stmt"/>
      <line num="343" count="2" type="cond" truecount="2" falsecount="0"/>
      <line num="344" count="1" type="stmt"/>
      <line num="345" count="1" type="stmt"/>
      <line num="346" count="1" type="stmt"/>
      <line num="347" count="1" type="stmt"/>
      <line num="349" count="1" type="stmt"/>
      <line num="350" count="0" type="stmt"/>
      <line num="352" count="4" type="stmt"/>
      <line num="354" count="2" type="stmt"/>
      <line num="355" count="2" type="stmt"/>
      <line num="357" count="2" type="stmt"/>
      <line num="358" count="2" type="stmt"/>
      <line num="360" count="1" type="stmt"/>
      <line num="361" count="1" type="stmt"/>
      <line num="366" count="0" type="cond" truecount="0" falsecount="2"/>
      <line num="367" count="0" type="stmt"/>
      <line num="369" count="0" type="cond" truecount="0" falsecount="2"/>
      <line num="370" count="0" type="stmt"/>
      <line num="373" count="9" type="cond" truecount="2" falsecount="0"/>
      <line num="374" count="9" type="stmt"/>
      <line num="376" count="9" type="cond" truecount="2" falsecount="0"/>
      <line num="377" count="9" type="stmt"/>
      <line num="379" count="9" type="cond" truecount="2" falsecount="0"/>
      <line num="380" count="9" type="stmt"/>
      <line num="382" count="9" type="cond" truecount="2" falsecount="0"/>
      <line num="383" count="9" type="stmt"/>
      <line num="385" count="9" type="stmt"/>
      <line num="389" count="9" type="stmt"/>
      <line num="391" count="9" type="stmt"/>
      <line num="395" count="9" type="stmt"/>
      <line num="398" count="0" type="stmt"/>
      <line num="399" count="0" type="stmt"/>
      <line num="400" count="0" type="stmt"/>
      <line num="403" count="67" type="stmt"/>
      <line num="411" count="67" type="stmt"/>
      <line num="412" count="67" type="stmt"/>
    </file>
    <file name="Stox.ts" path="/home/gardens/Desktop/web learning/stox/src/Stox.ts">
      <metrics statements="32" coveredstatements="27" conditionals="6" coveredconditionals="3" methods="7" coveredmethods="7"/>
      <line num="1" count="1" type="stmt"/>
      <line num="2" count="1" type="stmt"/>
      <line num="3" count="1" type="stmt"/>
      <line num="11" count="68" type="stmt"/>
      <line num="12" count="68" type="stmt"/>
      <line num="13" count="68" type="stmt"/>
      <line num="14" count="68" type="stmt"/>
      <line num="18" count="68" type="stmt"/>
      <line num="19" count="68" type="stmt"/>
      <line num="20" count="64" type="stmt"/>
      <line num="24" count="4" type="stmt"/>
      <line num="25" count="4" type="stmt"/>
      <line num="26" count="4" type="stmt"/>
      <line num="27" count="4" type="stmt"/>
      <line num="28" count="4" type="stmt"/>
      <line num="32" count="4" type="cond" truecount="1" falsecount="1"/>
      <line num="33" count="0" type="stmt"/>
      <line num="35" count="4" type="stmt"/>
      <line num="40" count="68" type="stmt"/>
      <line num="41" count="68" type="stmt"/>
      <line num="42" count="68" type="cond" truecount="1" falsecount="1"/>
      <line num="44" count="68" type="stmt"/>
      <line num="45" count="0" type="cond" truecount="0" falsecount="1"/>
      <line num="47" count="0" type="stmt"/>
      <line num="48" count="0" type="stmt"/>
      <line num="49" count="0" type="stmt"/>
      <line num="51" count="68" type="stmt"/>
      <line num="55" count="68" type="stmt"/>
      <line num="56" count="68" type="stmt"/>
      <line num="60" count="68" type="stmt"/>
      <line num="61" count="68" type="stmt"/>
      <line num="65" count="1" type="stmt"/>
    </file>
    <file name="Tokens.ts" path="/home/gardens/Desktop/web learning/stox/src/Tokens.ts">
      <metrics statements="30" coveredstatements="18" conditionals="10" coveredconditionals="1" methods="7" coveredmethods="3"/>
      <line num="1" count="1" type="stmt"/>
      <line num="13" count="1" type="stmt"/>
      <line num="31" count="758" type="cond" truecount="1" falsecount="1"/>
      <line num="32" count="0" type="stmt"/>
      <line num="34" count="758" type="stmt"/>
      <line num="36" count="758" type="stmt"/>
      <line num="38" count="758" type="stmt"/>
      <line num="39" count="758" type="stmt"/>
      <line num="40" count="758" type="stmt"/>
      <line num="42" count="758" type="cond" truecount="0" falsecount="1"/>
      <line num="43" count="0" type="stmt"/>
      <line num="48" count="758" type="stmt"/>
      <line num="50" count="758" type="stmt"/>
      <line num="52" count="758" type="cond" truecount="0" falsecount="1"/>
      <line num="53" count="758" type="cond" truecount="0" falsecount="1"/>
      <line num="54" count="758" type="stmt"/>
      <line num="55" count="758" type="stmt"/>
      <line num="59" count="0" type="stmt"/>
      <line num="63" count="0" type="stmt"/>
      <line num="67" count="0" type="stmt"/>
      <line num="68" count="0" type="stmt"/>
      <line num="69" count="0" type="stmt"/>
      <line num="70" count="0" type="stmt"/>
      <line num="71" count="0" type="stmt"/>
      <line num="73" count="0" type="stmt"/>
      <line num="78" count="0" type="cond" truecount="0" falsecount="2"/>
      <line num="89" count="1" type="stmt"/>
      <line num="90" count="68" type="stmt"/>
      <line num="91" count="612" type="cond" truecount="0" falsecount="1"/>
      <line num="92" count="0" type="stmt"/>
    </file>
  </project>
</coverage>
