<?xml version="1.0" encoding="UTF-8"?>
<coverage generated="1661778264483" clover="3.2.0">
  <project timestamp="1661778264483" name="All files">
    <metrics statements="470" coveredstatements="409" conditionals="216" coveredconditionals="175" methods="91" coveredmethods="79" elements="777" coveredelements="663" complexity="0" loc="470" ncloc="470" packages="1" files="6" classes="6"/>
    <file name="Interpreter.ts" path="/home/gardens/Desktop/web learning/stox/src/Interpreter.ts">
      <metrics statements="132" coveredstatements="112" conditionals="52" coveredconditionals="38" methods="38" coveredmethods="31"/>
      <line num="1" count="1" type="stmt"/>
      <line num="2" count="1" type="stmt"/>
      <line num="4" count="1" type="stmt"/>
      <line num="19" count="100" type="stmt"/>
      <line num="20" count="100" type="stmt"/>
      <line num="22" count="100" type="stmt"/>
      <line num="23" count="100" type="stmt"/>
      <line num="24" count="100" type="stmt"/>
      <line num="25" count="100" type="stmt"/>
      <line num="26" count="100" type="stmt"/>
      <line num="27" count="100" type="stmt"/>
      <line num="28" count="100" type="stmt"/>
      <line num="29" count="100" type="stmt"/>
      <line num="30" count="100" type="stmt"/>
      <line num="31" count="100" type="stmt"/>
      <line num="35" count="100" type="stmt"/>
      <line num="36" count="100" type="stmt"/>
      <line num="41" count="100" type="stmt"/>
      <line num="42" count="100" type="stmt"/>
      <line num="43" count="100" type="stmt"/>
      <line num="44" count="100" type="cond" truecount="2" falsecount="0"/>
      <line num="45" count="411" type="stmt"/>
      <line num="50" count="11" type="cond" truecount="2" falsecount="0"/>
      <line num="51" count="4" type="stmt"/>
      <line num="53" count="7" type="stmt"/>
      <line num="56" count="89" type="stmt"/>
      <line num="57" count="89" type="stmt"/>
      <line num="61" count="411" type="stmt"/>
      <line num="63" count="411" type="cond" truecount="1" falsecount="1"/>
      <line num="64" count="0" type="stmt"/>
      <line num="65" count="0" type="stmt"/>
      <line num="70" count="411" type="stmt"/>
      <line num="71" count="400" type="stmt"/>
      <line num="72" count="400" type="stmt"/>
      <line num="73" count="400" type="stmt"/>
      <line num="81" count="2" type="stmt"/>
      <line num="86" count="2" type="stmt"/>
      <line num="89" count="2" type="stmt"/>
      <line num="90" count="2" type="stmt"/>
      <line num="91" count="2" type="stmt"/>
      <line num="93" count="2" type="stmt"/>
      <line num="94" count="2" type="stmt"/>
      <line num="100" count="102" type="cond" truecount="2" falsecount="0"/>
      <line num="103" count="102" type="stmt"/>
      <line num="104" count="102" type="stmt"/>
      <line num="105" count="102" type="stmt"/>
      <line num="106" count="102" type="cond" truecount="2" falsecount="0"/>
      <line num="107" count="102" type="cond" truecount="2" falsecount="0"/>
      <line num="108" count="102" type="stmt"/>
      <line num="109" count="662" type="stmt"/>
      <line num="111" count="662" type="cond" truecount="2" falsecount="0"/>
      <line num="113" count="4" type="stmt"/>
      <line num="114" count="4" type="stmt"/>
      <line num="115" count="4" type="cond" truecount="1" falsecount="0"/>
      <line num="117" count="658" type="cond" truecount="2" falsecount="0"/>
      <line num="118" count="4" type="stmt"/>
      <line num="120" count="4" type="cond" truecount="1" falsecount="1"/>
      <line num="121" count="4" type="stmt"/>
      <line num="122" count="4" type="cond" truecount="1" falsecount="0"/>
      <line num="125" count="0" type="stmt"/>
      <line num="129" count="654" type="stmt"/>
      <line num="131" count="654" type="cond" truecount="2" falsecount="0"/>
      <line num="132" count="654" type="cond" truecount="2" falsecount="0"/>
      <line num="136" count="654" type="cond" truecount="4" falsecount="0"/>
      <line num="138" count="417" type="stmt"/>
      <line num="146" count="102" type="cond" truecount="1" falsecount="1"/>
      <line num="147" count="0" type="stmt"/>
      <line num="148" count="102" type="cond" truecount="0" falsecount="1"/>
      <line num="149" count="0" type="stmt"/>
      <line num="150" count="102" type="stmt"/>
      <line num="153" count="110" type="stmt"/>
      <line num="155" count="110" type="cond" truecount="2" falsecount="0"/>
      <line num="157" count="108" type="stmt"/>
      <line num="158" count="97" type="stmt"/>
      <line num="160" count="2" type="stmt"/>
      <line num="164" count="38" type="stmt"/>
      <line num="167" count="169" type="stmt"/>
      <line num="170" count="4" type="stmt"/>
      <line num="179" count="211" type="stmt"/>
      <line num="187" count="211" type="stmt"/>
      <line num="188" count="211" type="stmt"/>
      <line num="192" count="280" type="cond" truecount="1" falsecount="1"/>
      <line num="193" count="0" type="stmt"/>
      <line num="194" count="0" type="stmt"/>
      <line num="196" count="280" type="stmt"/>
      <line num="197" count="280" type="stmt"/>
      <line num="202" count="87" type="stmt"/>
      <line num="204" count="87" type="stmt"/>
      <line num="208" count="188" type="stmt"/>
      <line num="209" count="188" type="stmt"/>
      <line num="210" count="188" type="stmt"/>
      <line num="214" count="2" type="cond" truecount="1" falsecount="1"/>
      <line num="215" count="0" type="stmt"/>
      <line num="216" count="0" type="stmt"/>
      <line num="217" count="2" type="cond" truecount="1" falsecount="0"/>
      <line num="218" count="2" type="stmt"/>
      <line num="219" count="2" type="stmt"/>
      <line num="224" count="2" type="stmt"/>
      <line num="225" count="2" type="stmt"/>
      <line num="226" count="2" type="stmt"/>
      <line num="230" count="299" type="stmt"/>
      <line num="232" count="299" type="stmt"/>
      <line num="233" count="299" type="cond" truecount="1" falsecount="1"/>
      <line num="234" count="299" type="stmt"/>
      <line num="236" count="0" type="stmt"/>
      <line num="242" count="0" type="stmt"/>
      <line num="243" count="0" type="stmt"/>
      <line num="247" count="2" type="stmt"/>
      <line num="251" count="0" type="stmt"/>
      <line num="256" count="0" type="stmt"/>
      <line num="258" count="0" type="stmt"/>
      <line num="259" count="0" type="stmt"/>
      <line num="264" count="16" type="cond" truecount="0" falsecount="1"/>
      <line num="265" count="0" type="stmt"/>
      <line num="273" count="692" type="cond" truecount="1" falsecount="0"/>
      <line num="274" count="1" type="stmt"/>
      <line num="278" count="90" type="cond" truecount="3" falsecount="0"/>
      <line num="279" count="3" type="stmt"/>
      <line num="284" count="305" type="cond" truecount="0" falsecount="1"/>
      <line num="285" count="0" type="stmt"/>
      <line num="287" count="305" type="stmt"/>
      <line num="291" count="2" type="stmt"/>
      <line num="292" count="2" type="cond" truecount="0" falsecount="1"/>
      <line num="293" count="0" type="stmt"/>
      <line num="295" count="2" type="stmt"/>
      <line num="299" count="4" type="cond" truecount="1" falsecount="2"/>
      <line num="300" count="0" type="stmt"/>
      <line num="302" count="4" type="stmt"/>
      <line num="306" count="721" type="stmt"/>
      <line num="310" count="1226" type="stmt"/>
      <line num="313" count="400" type="stmt"/>
      <line num="317" count="1" type="stmt"/>
    </file>
    <file name="Lexer.ts" path="/home/gardens/Desktop/web learning/stox/src/Lexer.ts">
      <metrics statements="98" coveredstatements="77" conditionals="62" coveredconditionals="47" methods="21" coveredmethods="18"/>
      <line num="1" count="1" type="stmt"/>
      <line num="13" count="103" type="stmt"/>
      <line num="14" count="103" type="stmt"/>
      <line num="15" count="103" type="stmt"/>
      <line num="16" count="103" type="stmt"/>
      <line num="17" count="103" type="stmt"/>
      <line num="18" count="103" type="stmt"/>
      <line num="19" count="103" type="stmt"/>
      <line num="23" count="103" type="stmt"/>
      <line num="24" count="103" type="stmt"/>
      <line num="25" count="547" type="stmt"/>
      <line num="26" count="547" type="stmt"/>
      <line num="28" count="103" type="cond" truecount="1" falsecount="0"/>
      <line num="29" count="100" type="stmt"/>
      <line num="30" count="103" type="stmt"/>
      <line num="34" count="547" type="stmt"/>
      <line num="40" count="547" type="cond" truecount="2" falsecount="0"/>
      <line num="42" count="3" type="cond" truecount="1" falsecount="1"/>
      <line num="44" count="0" type="stmt"/>
      <line num="47" count="3" type="stmt"/>
      <line num="49" count="544" type="cond" truecount="3" falsecount="1"/>
      <line num="50" count="0" type="stmt"/>
      <line num="51" count="544" type="cond" truecount="4" falsecount="0"/>
      <line num="52" count="38" type="stmt"/>
      <line num="53" count="506" type="cond" truecount="1" falsecount="1"/>
      <line num="54" count="0" type="stmt"/>
      <line num="55" count="0" type="stmt"/>
      <line num="57" count="506" type="cond" truecount="1" falsecount="1"/>
      <line num="58" count="0" type="stmt"/>
      <line num="59" count="0" type="stmt"/>
      <line num="60" count="506" type="cond" truecount="2" falsecount="0"/>
      <line num="61" count="169" type="stmt"/>
      <line num="62" count="337" type="cond" truecount="2" falsecount="0"/>
      <line num="63" count="115" type="stmt"/>
      <line num="64" count="222" type="cond" truecount="1" falsecount="1"/>
      <line num="65" count="222" type="stmt"/>
      <line num="68" count="0" type="stmt"/>
      <line num="74" count="118" type="stmt"/>
      <line num="76" count="118" type="cond" truecount="2" falsecount="0"/>
      <line num="78" count="2" type="stmt"/>
      <line num="79" count="2" type="stmt"/>
      <line num="81" count="116" type="cond" truecount="2" falsecount="0"/>
      <line num="83" count="2" type="stmt"/>
      <line num="84" count="2" type="stmt"/>
      <line num="88" count="114" type="stmt"/>
      <line num="91" count="114" type="stmt"/>
      <line num="92" count="114" type="stmt"/>
      <line num="93" count="114" type="cond" truecount="1" falsecount="0"/>
      <line num="95" count="114" type="stmt"/>
      <line num="100" count="171" type="cond" truecount="2" falsecount="0"/>
      <line num="104" count="118" type="cond" truecount="2" falsecount="0"/>
      <line num="109" count="169" type="stmt"/>
      <line num="112" count="169" type="cond" truecount="3" falsecount="0"/>
      <line num="113" count="2" type="stmt"/>
      <line num="116" count="2" type="stmt"/>
      <line num="118" count="169" type="stmt"/>
      <line num="122" count="0" type="cond" truecount="0" falsecount="2"/>
      <line num="123" count="0" type="stmt"/>
      <line num="125" count="0" type="stmt"/>
      <line num="132" count="38" type="stmt"/>
      <line num="137" count="103" type="cond" truecount="0" falsecount="1"/>
      <line num="138" count="0" type="stmt"/>
      <line num="140" count="103" type="stmt"/>
      <line num="143" count="38" type="cond" truecount="0" falsecount="1"/>
      <line num="144" count="0" type="stmt"/>
      <line num="148" count="38" type="stmt"/>
      <line num="150" count="38" type="stmt"/>
      <line num="154" count="38" type="stmt"/>
      <line num="160" count="222" type="cond" truecount="1" falsecount="1"/>
      <line num="161" count="0" type="stmt"/>
      <line num="163" count="222" type="stmt"/>
      <line num="164" count="222" type="stmt"/>
      <line num="168" count="0" type="cond" truecount="0" falsecount="1"/>
      <line num="170" count="0" type="stmt"/>
      <line num="172" count="0" type="cond" truecount="0" falsecount="2"/>
      <line num="173" count="0" type="stmt"/>
      <line num="175" count="0" type="stmt"/>
      <line num="176" count="0" type="stmt"/>
      <line num="181" count="1403" type="cond" truecount="0" falsecount="1"/>
      <line num="182" count="1403" type="cond" truecount="1" falsecount="0"/>
      <line num="183" count="1296" type="stmt"/>
      <line num="187" count="558" type="cond" truecount="3" falsecount="0"/>
      <line num="192" count="221" type="cond" truecount="2" falsecount="0"/>
      <line num="196" count="1240" type="stmt"/>
      <line num="199" count="1002" type="stmt"/>
      <line num="206" count="547" type="stmt"/>
      <line num="207" count="547" type="stmt"/>
      <line num="212" count="547" type="stmt"/>
      <line num="213" count="547" type="stmt"/>
      <line num="214" count="547" type="stmt"/>
      <line num="215" count="547" type="stmt"/>
      <line num="219" count="0" type="stmt"/>
      <line num="220" count="0" type="stmt"/>
      <line num="225" count="809" type="stmt"/>
      <line num="226" count="809" type="stmt"/>
      <line num="227" count="809" type="stmt"/>
      <line num="231" count="1013" type="stmt"/>
      <line num="235" count="1" type="stmt"/>
    </file>
    <file name="StackOperation.ts" path="/home/gardens/Desktop/web learning/stox/src/StackOperation.ts">
      <metrics statements="8" coveredstatements="6" conditionals="8" coveredconditionals="6" methods="2" coveredmethods="1"/>
      <line num="4" count="1" type="stmt"/>
      <line num="19" count="310" type="stmt"/>
      <line num="20" count="310" type="stmt"/>
      <line num="21" count="310" type="cond" truecount="3" falsecount="1"/>
      <line num="22" count="310" type="cond" truecount="3" falsecount="1"/>
      <line num="23" count="310" type="stmt"/>
      <line num="27" count="0" type="stmt"/>
      <line num="31" count="0" type="stmt"/>
    </file>
    <file name="StandardLib.ts" path="/home/gardens/Desktop/web learning/stox/src/StandardLib.ts">
      <metrics statements="171" coveredstatements="163" conditionals="78" coveredconditionals="76" methods="16" coveredmethods="16"/>
      <line num="2" count="1" type="stmt"/>
      <line num="3" count="1" type="stmt"/>
      <line num="9" count="1" type="stmt"/>
      <line num="11" count="211" type="stmt"/>
      <line num="12" count="211" type="stmt"/>
      <line num="20" count="1" type="stmt"/>
      <line num="27" count="6" type="stmt"/>
      <line num="28" count="5" type="stmt"/>
      <line num="29" count="5" type="cond" truecount="2" falsecount="0"/>
      <line num="31" count="1" type="stmt"/>
      <line num="32" count="1" type="stmt"/>
      <line num="33" count="1" type="stmt"/>
      <line num="34" count="1" type="stmt"/>
      <line num="35" count="1" type="stmt"/>
      <line num="36" count="1" type="stmt"/>
      <line num="41" count="4" type="cond" truecount="2" falsecount="0"/>
      <line num="43" count="3" type="stmt"/>
      <line num="44" count="5" type="stmt"/>
      <line num="45" count="3" type="cond" truecount="2" falsecount="0"/>
      <line num="46" count="2" type="cond" truecount="1" falsecount="0"/>
      <line num="47" count="1" type="stmt"/>
      <line num="49" count="1" type="stmt"/>
      <line num="50" count="1" type="stmt"/>
      <line num="52" count="1" type="stmt"/>
      <line num="53" count="1" type="stmt"/>
      <line num="55" count="1" type="stmt"/>
      <line num="61" count="1" type="stmt"/>
      <line num="63" count="0" type="stmt"/>
      <line num="70" count="1" type="stmt"/>
      <line num="74" count="0" type="stmt"/>
      <line num="80" count="4" type="stmt"/>
      <line num="81" count="4" type="stmt"/>
      <line num="82" count="4" type="stmt"/>
      <line num="83" count="4" type="stmt"/>
      <line num="84" count="4" type="stmt"/>
      <line num="91" count="4" type="stmt"/>
      <line num="92" count="4" type="stmt"/>
      <line num="93" count="4" type="stmt"/>
      <line num="101" count="1" type="stmt"/>
      <line num="102" count="1" type="stmt"/>
      <line num="103" count="1" type="stmt"/>
      <line num="104" count="1" type="stmt"/>
      <line num="105" count="1" type="stmt"/>
      <line num="106" count="1" type="stmt"/>
      <line num="107" count="1" type="stmt"/>
      <line num="115" count="1" type="stmt"/>
      <line num="116" count="1" type="stmt"/>
      <line num="117" count="1" type="stmt"/>
      <line num="118" count="1" type="stmt"/>
      <line num="119" count="1" type="stmt"/>
      <line num="120" count="1" type="stmt"/>
      <line num="121" count="1" type="stmt"/>
      <line num="128" count="1" type="stmt"/>
      <line num="129" count="1" type="stmt"/>
      <line num="136" count="2" type="stmt"/>
      <line num="137" count="2" type="stmt"/>
      <line num="138" count="2" type="stmt"/>
      <line num="145" count="2" type="stmt"/>
      <line num="146" count="2" type="stmt"/>
      <line num="155" count="1" type="stmt"/>
      <line num="156" count="1" type="stmt"/>
      <line num="157" count="1" type="stmt"/>
      <line num="158" count="1" type="stmt"/>
      <line num="159" count="1" type="stmt"/>
      <line num="160" count="1" type="stmt"/>
      <line num="161" count="1" type="stmt"/>
      <line num="162" count="1" type="stmt"/>
      <line num="193" count="2" type="stmt"/>
      <line num="194" count="2" type="stmt"/>
      <line num="195" count="2" type="cond" truecount="2" falsecount="0"/>
      <line num="196" count="2" type="stmt"/>
      <line num="203" count="2" type="stmt"/>
      <line num="204" count="2" type="stmt"/>
      <line num="216" count="5" type="stmt"/>
      <line num="217" count="5" type="stmt"/>
      <line num="218" count="5" type="cond" truecount="2" falsecount="0"/>
      <line num="219" count="2" type="stmt"/>
      <line num="223" count="3" type="cond" truecount="0" falsecount="1"/>
      <line num="227" count="0" type="stmt"/>
      <line num="230" count="3" type="stmt"/>
      <line num="234" count="3" type="stmt"/>
      <line num="241" count="3" type="stmt"/>
      <line num="244" count="3" type="stmt"/>
      <line num="245" count="5" type="stmt"/>
      <line num="247" count="3" type="stmt"/>
      <line num="248" count="3" type="stmt"/>
      <line num="257" count="2" type="stmt"/>
      <line num="258" count="2" type="stmt"/>
      <line num="259" count="2" type="stmt"/>
      <line num="260" count="2" type="stmt"/>
      <line num="269" count="2" type="stmt"/>
      <line num="270" count="2" type="stmt"/>
      <line num="271" count="2" type="stmt"/>
      <line num="272" count="2" type="stmt"/>
      <line num="273" count="2" type="cond" truecount="2" falsecount="0"/>
      <line num="274" count="2" type="stmt"/>
      <line num="275" count="2" type="stmt"/>
      <line num="287" count="13" type="stmt"/>
      <line num="290" count="81" type="stmt"/>
      <line num="291" count="81" type="stmt"/>
      <line num="292" count="81" type="stmt"/>
      <line num="293" count="81" type="stmt"/>
      <line num="294" count="81" type="stmt"/>
      <line num="297" count="81" type="cond" truecount="1" falsecount="0"/>
      <line num="298" count="44" type="stmt"/>
      <line num="299" count="44" type="stmt"/>
      <line num="304" count="78" type="cond" truecount="1" falsecount="0"/>
      <line num="305" count="8" type="stmt"/>
      <line num="306" count="8" type="cond" truecount="2" falsecount="0"/>
      <line num="307" count="8" type="stmt"/>
      <line num="308" count="8" type="cond" truecount="2" falsecount="0"/>
      <line num="312" count="78" type="stmt"/>
      <line num="313" count="78" type="stmt"/>
      <line num="314" count="78" type="stmt"/>
      <line num="316" count="78" type="cond" truecount="2" falsecount="0"/>
      <line num="317" count="78" type="cond" truecount="2" falsecount="0"/>
      <line num="318" count="78" type="cond" truecount="2" falsecount="0"/>
      <line num="319" count="78" type="cond" truecount="2" falsecount="0"/>
      <line num="320" count="78" type="cond" truecount="2" falsecount="0"/>
      <line num="322" count="78" type="cond" truecount="13" falsecount="1"/>
      <line num="325" count="6" type="cond" truecount="2" falsecount="0"/>
      <line num="326" count="2" type="stmt"/>
      <line num="327" count="4" type="cond" truecount="2" falsecount="0"/>
      <line num="328" count="3" type="stmt"/>
      <line num="329" count="3" type="stmt"/>
      <line num="331" count="1" type="stmt"/>
      <line num="332" count="0" type="stmt"/>
      <line num="334" count="5" type="stmt"/>
      <line num="336" count="5" type="cond" truecount="2" falsecount="0"/>
      <line num="337" count="2" type="stmt"/>
      <line num="338" count="3" type="cond" truecount="2" falsecount="0"/>
      <line num="339" count="1" type="stmt"/>
      <line num="340" count="1" type="stmt"/>
      <line num="341" count="1" type="stmt"/>
      <line num="342" count="1" type="stmt"/>
      <line num="343" count="2" type="cond" truecount="2" falsecount="0"/>
      <line num="344" count="1" type="stmt"/>
      <line num="345" count="1" type="stmt"/>
      <line num="346" count="1" type="stmt"/>
      <line num="347" count="1" type="stmt"/>
      <line num="349" count="1" type="stmt"/>
      <line num="350" count="0" type="stmt"/>
      <line num="352" count="4" type="stmt"/>
      <line num="354" count="2" type="stmt"/>
      <line num="355" count="2" type="stmt"/>
      <line num="357" count="2" type="stmt"/>
      <line num="358" count="2" type="stmt"/>
      <line num="360" count="1" type="stmt"/>
      <line num="361" count="1" type="stmt"/>
      <line num="366" count="4" type="cond" truecount="2" falsecount="0"/>
      <line num="367" count="4" type="stmt"/>
      <line num="369" count="4" type="cond" truecount="2" falsecount="0"/>
      <line num="370" count="4" type="stmt"/>
      <line num="373" count="9" type="cond" truecount="2" falsecount="0"/>
      <line num="374" count="9" type="stmt"/>
      <line num="376" count="9" type="cond" truecount="2" falsecount="0"/>
      <line num="377" count="9" type="stmt"/>
      <line num="379" count="9" type="cond" truecount="2" falsecount="0"/>
      <line num="380" count="9" type="stmt"/>
      <line num="382" count="9" type="cond" truecount="2" falsecount="0"/>
      <line num="383" count="9" type="stmt"/>
      <line num="385" count="9" type="stmt"/>
      <line num="389" count="9" type="stmt"/>
      <line num="391" count="9" type="stmt"/>
      <line num="395" count="9" type="stmt"/>
      <line num="398" count="0" type="stmt"/>
      <line num="399" count="0" type="stmt"/>
      <line num="400" count="0" type="stmt"/>
      <line num="403" count="76" type="stmt"/>
      <line num="411" count="76" type="stmt"/>
      <line num="412" count="76" type="stmt"/>
    </file>
    <file name="Stox.ts" path="/home/gardens/Desktop/web learning/stox/src/Stox.ts">
      <metrics statements="31" coveredstatements="30" conditionals="6" coveredconditionals="5" methods="7" coveredmethods="7"/>
      <line num="1" count="1" type="stmt"/>
      <line num="2" count="1" type="stmt"/>
      <line num="3" count="1" type="stmt"/>
      <line num="11" count="100" type="stmt"/>
      <line num="12" count="100" type="stmt"/>
      <line num="13" count="100" type="stmt"/>
      <line num="14" count="100" type="stmt"/>
      <line num="18" count="99" type="stmt"/>
      <line num="19" count="99" type="stmt"/>
      <line num="20" count="88" type="stmt"/>
      <line num="24" count="11" type="stmt"/>
      <line num="27" count="11" type="stmt"/>
      <line num="28" count="11" type="stmt"/>
      <line num="29" count="11" type="stmt"/>
      <line num="33" count="11" type="cond" truecount="1" falsecount="1"/>
      <line num="34" count="0" type="stmt"/>
      <line num="36" count="11" type="stmt"/>
      <line num="41" count="103" type="stmt"/>
      <line num="42" count="103" type="stmt"/>
      <line num="43" count="103" type="cond" truecount="2" falsecount="0"/>
      <line num="45" count="100" type="stmt"/>
      <line num="46" count="3" type="cond" truecount="1" falsecount="0"/>
      <line num="48" count="3" type="stmt"/>
      <line num="49" count="3" type="stmt"/>
      <line num="50" count="3" type="stmt"/>
      <line num="52" count="103" type="stmt"/>
      <line num="56" count="100" type="stmt"/>
      <line num="57" count="100" type="stmt"/>
      <line num="61" count="100" type="stmt"/>
      <line num="62" count="100" type="stmt"/>
      <line num="66" count="1" type="stmt"/>
    </file>
    <file name="Tokens.ts" path="/home/gardens/Desktop/web learning/stox/src/Tokens.ts">
      <metrics statements="30" coveredstatements="21" conditionals="10" coveredconditionals="3" methods="7" coveredmethods="6"/>
      <line num="1" count="1" type="stmt"/>
      <line num="13" count="1" type="stmt"/>
      <line num="31" count="1133" type="cond" truecount="1" falsecount="1"/>
      <line num="32" count="0" type="stmt"/>
      <line num="34" count="1133" type="stmt"/>
      <line num="36" count="1133" type="stmt"/>
      <line num="38" count="1133" type="stmt"/>
      <line num="39" count="1133" type="stmt"/>
      <line num="40" count="1133" type="stmt"/>
      <line num="42" count="1133" type="cond" truecount="0" falsecount="1"/>
      <line num="43" count="0" type="stmt"/>
      <line num="48" count="1133" type="stmt"/>
      <line num="50" count="1133" type="stmt"/>
      <line num="52" count="1133" type="cond" truecount="0" falsecount="1"/>
      <line num="53" count="1133" type="cond" truecount="0" falsecount="1"/>
      <line num="54" count="1133" type="stmt"/>
      <line num="55" count="1133" type="stmt"/>
      <line num="59" count="4" type="stmt"/>
      <line num="63" count="7" type="stmt"/>
      <line num="67" count="0" type="stmt"/>
      <line num="68" count="0" type="stmt"/>
      <line num="69" count="0" type="stmt"/>
      <line num="70" count="0" type="stmt"/>
      <line num="71" count="0" type="stmt"/>
      <line num="73" count="0" type="stmt"/>
      <line num="78" count="2" type="cond" truecount="1" falsecount="1"/>
      <line num="89" count="1" type="stmt"/>
      <line num="90" count="100" type="stmt"/>
      <line num="91" count="900" type="cond" truecount="0" falsecount="1"/>
      <line num="92" count="0" type="stmt"/>
    </file>
  </project>
</coverage>
