{"/home/gardens/Desktop/web learning/stox/src/Interpreter.ts": {"path":"/home/gardens/Desktop/web learning/stox/src/Interpreter.ts","statementMap":{"0":{"start":{"line":1,"column":0},"end":{"line":1,"column":47}},"1":{"start":{"line":2,"column":0},"end":{"line":2,"column":60}},"2":{"start":{"line":4,"column":0},"end":{"line":4,"column":49}},"3":{"start":{"line":19,"column":4},"end":{"line":19,"column":null}},"4":{"start":{"line":20,"column":4},"end":{"line":20,"column":null}},"5":{"start":{"line":22,"column":4},"end":{"line":22,"column":null}},"6":{"start":{"line":23,"column":4},"end":{"line":23,"column":null}},"7":{"start":{"line":24,"column":4},"end":{"line":24,"column":null}},"8":{"start":{"line":25,"column":4},"end":{"line":25,"column":null}},"9":{"start":{"line":26,"column":4},"end":{"line":26,"column":null}},"10":{"start":{"line":27,"column":4},"end":{"line":27,"column":null}},"11":{"start":{"line":28,"column":4},"end":{"line":28,"column":null}},"12":{"start":{"line":29,"column":4},"end":{"line":29,"column":null}},"13":{"start":{"line":30,"column":4},"end":{"line":30,"column":null}},"14":{"start":{"line":31,"column":4},"end":{"line":31,"column":null}},"15":{"start":{"line":35,"column":4},"end":{"line":35,"column":null}},"16":{"start":{"line":36,"column":4},"end":{"line":36,"column":null}},"17":{"start":{"line":41,"column":19},"end":{"line":41,"column":24}},"18":{"start":{"line":42,"column":4},"end":{"line":42,"column":null}},"19":{"start":{"line":43,"column":4},"end":{"line":55,"column":null}},"20":{"start":{"line":44,"column":6},"end":{"line":46,"column":null}},"21":{"start":{"line":45,"column":8},"end":{"line":45,"column":null}},"22":{"start":{"line":50,"column":6},"end":{"line":54,"column":null}},"23":{"start":{"line":51,"column":8},"end":{"line":51,"column":null}},"24":{"start":{"line":53,"column":8},"end":{"line":53,"column":null}},"25":{"start":{"line":56,"column":4},"end":{"line":56,"column":null}},"26":{"start":{"line":57,"column":4},"end":{"line":57,"column":null}},"27":{"start":{"line":61,"column":16},"end":{"line":61,"column":27}},"28":{"start":{"line":63,"column":4},"end":{"line":74,"column":null}},"29":{"start":{"line":64,"column":6},"end":{"line":64,"column":null}},"30":{"start":{"line":65,"column":6},"end":{"line":65,"column":null}},"31":{"start":{"line":70,"column":36},"end":{"line":70,"column":74}},"32":{"start":{"line":71,"column":6},"end":{"line":71,"column":null}},"33":{"start":{"line":72,"column":6},"end":{"line":72,"column":null}},"34":{"start":{"line":73,"column":6},"end":{"line":73,"column":null}},"35":{"start":{"line":81,"column":18},"end":{"line":85,"column":6}},"36":{"start":{"line":86,"column":4},"end":{"line":86,"column":null}},"37":{"start":{"line":89,"column":22},"end":{"line":89,"column":48}},"38":{"start":{"line":90,"column":4},"end":{"line":92,"column":null}},"39":{"start":{"line":91,"column":6},"end":{"line":91,"column":null}},"40":{"start":{"line":93,"column":4},"end":{"line":93,"column":null}},"41":{"start":{"line":94,"column":4},"end":{"line":94,"column":null}},"42":{"start":{"line":100,"column":22},"end":{"line":102,"column":49}},"43":{"start":{"line":103,"column":15},"end":{"line":103,"column":33}},"44":{"start":{"line":104,"column":31},"end":{"line":104,"column":33}},"45":{"start":{"line":105,"column":19},"end":{"line":105,"column":21}},"46":{"start":{"line":106,"column":26},"end":{"line":106,"column":50}},"47":{"start":{"line":107,"column":24},"end":{"line":107,"column":48}},"48":{"start":{"line":108,"column":4},"end":{"line":145,"column":null}},"49":{"start":{"line":109,"column":19},"end":{"line":109,"column":31}},"50":{"start":{"line":111,"column":6},"end":{"line":144,"column":null}},"51":{"start":{"line":113,"column":20},"end":{"line":113,"column":54}},"52":{"start":{"line":114,"column":8},"end":{"line":114,"column":null}},"53":{"start":{"line":115,"column":8},"end":{"line":115,"column":null}},"54":{"start":{"line":115,"column":28},"end":{"line":115,"column":null}},"55":{"start":{"line":117,"column":13},"end":{"line":144,"column":null}},"56":{"start":{"line":118,"column":20},"end":{"line":118,"column":54}},"57":{"start":{"line":120,"column":8},"end":{"line":126,"column":null}},"58":{"start":{"line":121,"column":10},"end":{"line":121,"column":null}},"59":{"start":{"line":122,"column":10},"end":{"line":122,"column":null}},"60":{"start":{"line":122,"column":30},"end":{"line":122,"column":null}},"61":{"start":{"line":125,"column":10},"end":{"line":125,"column":null}},"62":{"start":{"line":129,"column":27},"end":{"line":129,"column":68}},"63":{"start":{"line":131,"column":10},"end":{"line":131,"column":75}},"64":{"start":{"line":131,"column":61},"end":{"line":131,"column":74}},"65":{"start":{"line":132,"column":29},"end":{"line":132,"column":61}},"66":{"start":{"line":136,"column":8},"end":{"line":143,"column":null}},"67":{"start":{"line":138,"column":10},"end":{"line":138,"column":null}},"68":{"start":{"line":146,"column":4},"end":{"line":149,"column":null}},"69":{"start":{"line":147,"column":6},"end":{"line":147,"column":null}},"70":{"start":{"line":148,"column":9},"end":{"line":149,"column":null}},"71":{"start":{"line":149,"column":6},"end":{"line":149,"column":null}},"72":{"start":{"line":150,"column":4},"end":{"line":150,"column":null}},"73":{"start":{"line":153,"column":15},"end":{"line":153,"column":27}},"74":{"start":{"line":155,"column":4},"end":{"line":161,"column":null}},"75":{"start":{"line":157,"column":38},"end":{"line":157,"column":72}},"76":{"start":{"line":158,"column":6},"end":{"line":158,"column":null}},"77":{"start":{"line":160,"column":6},"end":{"line":160,"column":null}},"78":{"start":{"line":164,"column":4},"end":{"line":164,"column":null}},"79":{"start":{"line":167,"column":4},"end":{"line":167,"column":null}},"80":{"start":{"line":170,"column":4},"end":{"line":170,"column":null}},"81":{"start":{"line":179,"column":19},"end":{"line":184,"column":null}},"82":{"start":{"line":187,"column":36},"end":{"line":187,"column":75}},"83":{"start":{"line":188,"column":4},"end":{"line":188,"column":null}},"84":{"start":{"line":192,"column":4},"end":{"line":198,"column":null}},"85":{"start":{"line":193,"column":6},"end":{"line":193,"column":null}},"86":{"start":{"line":194,"column":6},"end":{"line":194,"column":null}},"87":{"start":{"line":196,"column":6},"end":{"line":196,"column":null}},"88":{"start":{"line":197,"column":6},"end":{"line":197,"column":null}},"89":{"start":{"line":202,"column":21},"end":{"line":202,"column":61}},"90":{"start":{"line":204,"column":4},"end":{"line":204,"column":null}},"91":{"start":{"line":208,"column":18},"end":{"line":208,"column":36}},"92":{"start":{"line":209,"column":4},"end":{"line":209,"column":null}},"93":{"start":{"line":210,"column":4},"end":{"line":210,"column":null}},"94":{"start":{"line":214,"column":4},"end":{"line":220,"column":null}},"95":{"start":{"line":215,"column":6},"end":{"line":215,"column":null}},"96":{"start":{"line":216,"column":6},"end":{"line":216,"column":null}},"97":{"start":{"line":217,"column":11},"end":{"line":220,"column":null}},"98":{"start":{"line":218,"column":6},"end":{"line":218,"column":null}},"99":{"start":{"line":219,"column":6},"end":{"line":219,"column":null}},"100":{"start":{"line":224,"column":15},"end":{"line":224,"column":37}},"101":{"start":{"line":225,"column":4},"end":{"line":225,"column":null}},"102":{"start":{"line":226,"column":4},"end":{"line":226,"column":null}},"103":{"start":{"line":230,"column":4},"end":{"line":230,"column":null}},"104":{"start":{"line":232,"column":4},"end":{"line":232,"column":null}},"105":{"start":{"line":233,"column":4},"end":{"line":237,"column":null}},"106":{"start":{"line":234,"column":6},"end":{"line":234,"column":null}},"107":{"start":{"line":236,"column":6},"end":{"line":236,"column":null}},"108":{"start":{"line":242,"column":16},"end":{"line":242,"column":65}},"109":{"start":{"line":243,"column":4},"end":{"line":243,"column":null}},"110":{"start":{"line":247,"column":4},"end":{"line":247,"column":null}},"111":{"start":{"line":251,"column":4},"end":{"line":251,"column":null}},"112":{"start":{"line":251,"column":33},"end":{"line":251,"column":42}},"113":{"start":{"line":256,"column":4},"end":{"line":260,"column":null}},"114":{"start":{"line":256,"column":17},"end":{"line":256,"column":18}},"115":{"start":{"line":258,"column":23},"end":{"line":258,"column":41}},"116":{"start":{"line":259,"column":6},"end":{"line":259,"column":null}},"117":{"start":{"line":264,"column":4},"end":{"line":269,"column":null}},"118":{"start":{"line":265,"column":6},"end":{"line":268,"column":null}},"119":{"start":{"line":273,"column":4},"end":{"line":274,"column":null}},"120":{"start":{"line":274,"column":6},"end":{"line":274,"column":null}},"121":{"start":{"line":278,"column":4},"end":{"line":280,"column":null}},"122":{"start":{"line":279,"column":6},"end":{"line":279,"column":null}},"123":{"start":{"line":284,"column":4},"end":{"line":286,"column":null}},"124":{"start":{"line":285,"column":6},"end":{"line":285,"column":null}},"125":{"start":{"line":287,"column":4},"end":{"line":287,"column":null}},"126":{"start":{"line":291,"column":4},"end":{"line":291,"column":null}},"127":{"start":{"line":292,"column":4},"end":{"line":294,"column":null}},"128":{"start":{"line":293,"column":6},"end":{"line":293,"column":null}},"129":{"start":{"line":295,"column":4},"end":{"line":295,"column":null}},"130":{"start":{"line":299,"column":4},"end":{"line":301,"column":null}},"131":{"start":{"line":300,"column":6},"end":{"line":300,"column":null}},"132":{"start":{"line":302,"column":4},"end":{"line":302,"column":null}},"133":{"start":{"line":306,"column":4},"end":{"line":306,"column":null}},"134":{"start":{"line":310,"column":4},"end":{"line":310,"column":null}},"135":{"start":{"line":313,"column":4},"end":{"line":313,"column":null}},"136":{"start":{"line":317,"column":0},"end":{"line":317,"column":null}}},"fnMap":{"0":{"name":"(anonymous_0)","decl":{"start":{"line":18,"column":2},"end":{"line":18,"column":14}},"loc":{"start":{"line":18,"column":22},"end":{"line":32,"column":3}}},"1":{"name":"(anonymous_1)","decl":{"start":{"line":33,"column":2},"end":{"line":33,"column":18}},"loc":{"start":{"line":33,"column":34},"end":{"line":39,"column":3}}},"2":{"name":"(anonymous_2)","decl":{"start":{"line":40,"column":2},"end":{"line":40,"column":11}},"loc":{"start":{"line":40,"column":11},"end":{"line":58,"column":3}}},"3":{"name":"(anonymous_3)","decl":{"start":{"line":60,"column":2},"end":{"line":60,"column":16}},"loc":{"start":{"line":60,"column":16},"end":{"line":75,"column":3}}},"4":{"name":"(anonymous_4)","decl":{"start":{"line":77,"column":2},"end":{"line":77,"column":13}},"loc":{"start":{"line":77,"column":26},"end":{"line":95,"column":3}}},"5":{"name":"(anonymous_5)","decl":{"start":{"line":90,"column":24},"end":{"line":90,"column":25}},"loc":{"start":{"line":90,"column":30},"end":{"line":92,"column":5}}},"6":{"name":"(anonymous_6)","decl":{"start":{"line":97,"column":2},"end":{"line":97,"column":16}},"loc":{"start":{"line":97,"column":40},"end":{"line":151,"column":3}}},"7":{"name":"(anonymous_7)","decl":{"start":{"line":131,"column":52},"end":{"line":131,"column":53}},"loc":{"start":{"line":131,"column":61},"end":{"line":131,"column":74}}},"8":{"name":"(anonymous_8)","decl":{"start":{"line":152,"column":2},"end":{"line":152,"column":16}},"loc":{"start":{"line":152,"column":29},"end":{"line":162,"column":3}}},"9":{"name":"(anonymous_9)","decl":{"start":{"line":163,"column":2},"end":{"line":163,"column":18}},"loc":{"start":{"line":163,"column":31},"end":{"line":165,"column":3}}},"10":{"name":"(anonymous_10)","decl":{"start":{"line":166,"column":2},"end":{"line":166,"column":18}},"loc":{"start":{"line":166,"column":31},"end":{"line":168,"column":3}}},"11":{"name":"(anonymous_11)","decl":{"start":{"line":169,"column":2},"end":{"line":169,"column":16}},"loc":{"start":{"line":169,"column":29},"end":{"line":171,"column":3}}},"12":{"name":"(anonymous_12)","decl":{"start":{"line":172,"column":2},"end":{"line":172,"column":17}},"loc":{"start":{"line":172,"column":30},"end":{"line":172,"column":34}}},"13":{"name":"(anonymous_13)","decl":{"start":{"line":173,"column":2},"end":{"line":173,"column":22}},"loc":{"start":{"line":173,"column":35},"end":{"line":173,"column":39}}},"14":{"name":"(anonymous_14)","decl":{"start":{"line":174,"column":2},"end":{"line":174,"column":19}},"loc":{"start":{"line":174,"column":32},"end":{"line":174,"column":36}}},"15":{"name":"(anonymous_15)","decl":{"start":{"line":175,"column":2},"end":{"line":175,"column":19}},"loc":{"start":{"line":175,"column":32},"end":{"line":175,"column":36}}},"16":{"name":"(anonymous_16)","decl":{"start":{"line":176,"column":2},"end":{"line":176,"column":15}},"loc":{"start":{"line":176,"column":28},"end":{"line":176,"column":32}}},"17":{"name":"(anonymous_17)","decl":{"start":{"line":178,"column":2},"end":{"line":178,"column":17}},"loc":{"start":{"line":178,"column":30},"end":{"line":189,"column":3}}},"18":{"name":"(anonymous_18)","decl":{"start":{"line":191,"column":2},"end":{"line":191,"column":5}},"loc":{"start":{"line":191,"column":33},"end":{"line":199,"column":3}}},"19":{"name":"(anonymous_19)","decl":{"start":{"line":201,"column":2},"end":{"line":201,"column":9}},"loc":{"start":{"line":201,"column":15},"end":{"line":205,"column":3}}},"20":{"name":"(anonymous_20)","decl":{"start":{"line":207,"column":2},"end":{"line":207,"column":5}},"loc":{"start":{"line":207,"column":18},"end":{"line":211,"column":3}}},"21":{"name":"(anonymous_21)","decl":{"start":{"line":213,"column":2},"end":{"line":213,"column":8}},"loc":{"start":{"line":213,"column":36},"end":{"line":221,"column":3}}},"22":{"name":"(anonymous_22)","decl":{"start":{"line":223,"column":2},"end":{"line":223,"column":7}},"loc":{"start":{"line":223,"column":35},"end":{"line":227,"column":3}}},"23":{"name":"(anonymous_23)","decl":{"start":{"line":229,"column":2},"end":{"line":229,"column":7}},"loc":{"start":{"line":229,"column":51},"end":{"line":238,"column":3}}},"24":{"name":"(anonymous_24)","decl":{"start":{"line":240,"column":2},"end":{"line":240,"column":9}},"loc":{"start":{"line":240,"column":22},"end":{"line":244,"column":3}}},"25":{"name":"(anonymous_25)","decl":{"start":{"line":246,"column":2},"end":{"line":246,"column":7}},"loc":{"start":{"line":246,"column":19},"end":{"line":248,"column":3}}},"26":{"name":"(anonymous_26)","decl":{"start":{"line":250,"column":2},"end":{"line":250,"column":8}},"loc":{"start":{"line":250,"column":8},"end":{"line":252,"column":3}}},"27":{"name":"(anonymous_27)","decl":{"start":{"line":251,"column":26},"end":{"line":251,"column":27}},"loc":{"start":{"line":251,"column":33},"end":{"line":251,"column":42}}},"28":{"name":"(anonymous_28)","decl":{"start":{"line":254,"column":2},"end":{"line":254,"column":12}},"loc":{"start":{"line":254,"column":32},"end":{"line":261,"column":3}}},"29":{"name":"(anonymous_29)","decl":{"start":{"line":263,"column":2},"end":{"line":263,"column":11}},"loc":{"start":{"line":263,"column":31},"end":{"line":270,"column":3}}},"30":{"name":"(anonymous_30)","decl":{"start":{"line":272,"column":2},"end":{"line":272,"column":16}},"loc":{"start":{"line":272,"column":29},"end":{"line":275,"column":3}}},"31":{"name":"(anonymous_31)","decl":{"start":{"line":277,"column":2},"end":{"line":277,"column":13}},"loc":{"start":{"line":277,"column":25},"end":{"line":281,"column":3}}},"32":{"name":"(anonymous_32)","decl":{"start":{"line":283,"column":2},"end":{"line":283,"column":10}},"loc":{"start":{"line":283,"column":22},"end":{"line":288,"column":3}}},"33":{"name":"(anonymous_33)","decl":{"start":{"line":290,"column":2},"end":{"line":290,"column":21}},"loc":{"start":{"line":290,"column":33},"end":{"line":296,"column":3}}},"34":{"name":"(anonymous_34)","decl":{"start":{"line":298,"column":2},"end":{"line":298,"column":13}},"loc":{"start":{"line":298,"column":25},"end":{"line":303,"column":3}}},"35":{"name":"(anonymous_35)","decl":{"start":{"line":305,"column":2},"end":{"line":305,"column":6}},"loc":{"start":{"line":305,"column":6},"end":{"line":307,"column":3}}},"36":{"name":"(anonymous_36)","decl":{"start":{"line":309,"column":2},"end":{"line":309,"column":8}},"loc":{"start":{"line":309,"column":8},"end":{"line":311,"column":3}}},"37":{"name":"(anonymous_37)","decl":{"start":{"line":312,"column":2},"end":{"line":312,"column":12}},"loc":{"start":{"line":312,"column":12},"end":{"line":314,"column":3}}}},"branchMap":{"0":{"loc":{"start":{"line":44,"column":13},"end":{"line":44,"column":68}},"type":"binary-expr","locations":[{"start":{"line":44,"column":13},"end":{"line":44,"column":30}},{"start":{"line":44,"column":34},"end":{"line":44,"column":68}}]},"1":{"loc":{"start":{"line":50,"column":6},"end":{"line":54,"column":null}},"type":"if","locations":[{"start":{"line":50,"column":6},"end":{"line":54,"column":null}},{"start":{"line":52,"column":13},"end":{"line":54,"column":null}}]},"2":{"loc":{"start":{"line":63,"column":4},"end":{"line":74,"column":null}},"type":"if","locations":[{"start":{"line":63,"column":4},"end":{"line":74,"column":null}},{"start":{"line":66,"column":11},"end":{"line":74,"column":null}}]},"3":{"loc":{"start":{"line":100,"column":22},"end":{"line":102,"column":49}},"type":"cond-expr","locations":[{"start":{"line":101,"column":8},"end":{"line":101,"column":17}},{"start":{"line":102,"column":8},"end":{"line":102,"column":49}}]},"4":{"loc":{"start":{"line":106,"column":26},"end":{"line":106,"column":50}},"type":"cond-expr","locations":[{"start":{"line":106,"column":38},"end":{"line":106,"column":43}},{"start":{"line":106,"column":46},"end":{"line":106,"column":50}}]},"5":{"loc":{"start":{"line":107,"column":24},"end":{"line":107,"column":48}},"type":"cond-expr","locations":[{"start":{"line":107,"column":36},"end":{"line":107,"column":41}},{"start":{"line":107,"column":44},"end":{"line":107,"column":48}}]},"6":{"loc":{"start":{"line":111,"column":6},"end":{"line":144,"column":null}},"type":"if","locations":[{"start":{"line":111,"column":6},"end":{"line":144,"column":null}},{"start":{"line":117,"column":13},"end":{"line":144,"column":null}}]},"7":{"loc":{"start":{"line":115,"column":8},"end":{"line":115,"column":null}},"type":"if","locations":[{"start":{"line":115,"column":8},"end":{"line":115,"column":null}}]},"8":{"loc":{"start":{"line":117,"column":13},"end":{"line":144,"column":null}},"type":"if","locations":[{"start":{"line":117,"column":13},"end":{"line":144,"column":null}},{"start":{"line":127,"column":13},"end":{"line":144,"column":null}}]},"9":{"loc":{"start":{"line":120,"column":8},"end":{"line":126,"column":null}},"type":"if","locations":[{"start":{"line":120,"column":8},"end":{"line":126,"column":null}},{"start":{"line":124,"column":15},"end":{"line":126,"column":null}}]},"10":{"loc":{"start":{"line":122,"column":10},"end":{"line":122,"column":null}},"type":"if","locations":[{"start":{"line":122,"column":10},"end":{"line":122,"column":null}}]},"11":{"loc":{"start":{"line":131,"column":10},"end":{"line":131,"column":75}},"type":"binary-expr","locations":[{"start":{"line":131,"column":10},"end":{"line":131,"column":20}},{"start":{"line":131,"column":24},"end":{"line":131,"column":75}}]},"12":{"loc":{"start":{"line":132,"column":29},"end":{"line":132,"column":61}},"type":"binary-expr","locations":[{"start":{"line":132,"column":29},"end":{"line":132,"column":43}},{"start":{"line":132,"column":47},"end":{"line":132,"column":61}}]},"13":{"loc":{"start":{"line":136,"column":8},"end":{"line":143,"column":null}},"type":"if","locations":[{"start":{"line":136,"column":8},"end":{"line":143,"column":null}},{"start":{"line":140,"column":15},"end":{"line":143,"column":null}}]},"14":{"loc":{"start":{"line":136,"column":12},"end":{"line":136,"column":43}},"type":"binary-expr","locations":[{"start":{"line":136,"column":12},"end":{"line":136,"column":25}},{"start":{"line":136,"column":29},"end":{"line":136,"column":43}}]},"15":{"loc":{"start":{"line":146,"column":4},"end":{"line":149,"column":null}},"type":"if","locations":[{"start":{"line":146,"column":4},"end":{"line":149,"column":null}},{"start":{"line":148,"column":9},"end":{"line":149,"column":null}}]},"16":{"loc":{"start":{"line":148,"column":9},"end":{"line":149,"column":null}},"type":"if","locations":[{"start":{"line":148,"column":9},"end":{"line":149,"column":null}}]},"17":{"loc":{"start":{"line":155,"column":4},"end":{"line":161,"column":null}},"type":"if","locations":[{"start":{"line":155,"column":4},"end":{"line":161,"column":null}},{"start":{"line":159,"column":11},"end":{"line":161,"column":null}}]},"18":{"loc":{"start":{"line":192,"column":4},"end":{"line":198,"column":null}},"type":"if","locations":[{"start":{"line":192,"column":4},"end":{"line":198,"column":null}},{"start":{"line":195,"column":11},"end":{"line":198,"column":null}}]},"19":{"loc":{"start":{"line":214,"column":4},"end":{"line":220,"column":null}},"type":"if","locations":[{"start":{"line":214,"column":4},"end":{"line":220,"column":null}},{"start":{"line":217,"column":11},"end":{"line":220,"column":null}}]},"20":{"loc":{"start":{"line":217,"column":11},"end":{"line":220,"column":null}},"type":"if","locations":[{"start":{"line":217,"column":11},"end":{"line":220,"column":null}}]},"21":{"loc":{"start":{"line":233,"column":4},"end":{"line":237,"column":null}},"type":"if","locations":[{"start":{"line":233,"column":4},"end":{"line":237,"column":null}},{"start":{"line":235,"column":11},"end":{"line":237,"column":null}}]},"22":{"loc":{"start":{"line":254,"column":27},"end":{"line":254,"column":32}},"type":"default-arg","locations":[{"start":{"line":254,"column":31},"end":{"line":254,"column":32}}]},"23":{"loc":{"start":{"line":264,"column":4},"end":{"line":269,"column":null}},"type":"if","locations":[{"start":{"line":264,"column":4},"end":{"line":269,"column":null}}]},"24":{"loc":{"start":{"line":272,"column":24},"end":{"line":272,"column":29}},"type":"default-arg","locations":[{"start":{"line":272,"column":28},"end":{"line":272,"column":29}}]},"25":{"loc":{"start":{"line":273,"column":4},"end":{"line":274,"column":null}},"type":"if","locations":[{"start":{"line":273,"column":4},"end":{"line":274,"column":null}}]},"26":{"loc":{"start":{"line":278,"column":4},"end":{"line":280,"column":null}},"type":"if","locations":[{"start":{"line":278,"column":4},"end":{"line":280,"column":null}}]},"27":{"loc":{"start":{"line":278,"column":10},"end":{"line":278,"column":52}},"type":"binary-expr","locations":[{"start":{"line":278,"column":10},"end":{"line":278,"column":34}},{"start":{"line":278,"column":38},"end":{"line":278,"column":52}}]},"28":{"loc":{"start":{"line":284,"column":4},"end":{"line":286,"column":null}},"type":"if","locations":[{"start":{"line":284,"column":4},"end":{"line":286,"column":null}}]},"29":{"loc":{"start":{"line":292,"column":4},"end":{"line":294,"column":null}},"type":"if","locations":[{"start":{"line":292,"column":4},"end":{"line":294,"column":null}}]},"30":{"loc":{"start":{"line":299,"column":4},"end":{"line":301,"column":null}},"type":"if","locations":[{"start":{"line":299,"column":4},"end":{"line":301,"column":null}}]},"31":{"loc":{"start":{"line":299,"column":10},"end":{"line":299,"column":60}},"type":"binary-expr","locations":[{"start":{"line":299,"column":10},"end":{"line":299,"column":34}},{"start":{"line":299,"column":38},"end":{"line":299,"column":60}}]}},"s":{"0":1,"1":1,"2":1,"3":100,"4":100,"5":100,"6":100,"7":100,"8":100,"9":100,"10":100,"11":100,"12":100,"13":100,"14":100,"15":100,"16":100,"17":100,"18":100,"19":100,"20":100,"21":411,"22":11,"23":4,"24":7,"25":89,"26":89,"27":411,"28":411,"29":0,"30":0,"31":411,"32":400,"33":400,"34":400,"35":2,"36":2,"37":2,"38":2,"39":2,"40":2,"41":2,"42":102,"43":102,"44":102,"45":102,"46":102,"47":102,"48":102,"49":662,"50":662,"51":4,"52":4,"53":4,"54":2,"55":658,"56":4,"57":4,"58":4,"59":4,"60":2,"61":0,"62":654,"63":654,"64":16,"65":654,"66":654,"67":417,"68":102,"69":0,"70":102,"71":0,"72":102,"73":110,"74":110,"75":108,"76":97,"77":2,"78":38,"79":169,"80":4,"81":211,"82":211,"83":211,"84":280,"85":0,"86":0,"87":280,"88":280,"89":87,"90":87,"91":188,"92":188,"93":188,"94":2,"95":0,"96":0,"97":2,"98":2,"99":2,"100":2,"101":2,"102":2,"103":299,"104":299,"105":299,"106":299,"107":0,"108":0,"109":0,"110":2,"111":0,"112":0,"113":0,"114":0,"115":0,"116":0,"117":16,"118":0,"119":692,"120":1,"121":90,"122":3,"123":305,"124":0,"125":305,"126":2,"127":2,"128":0,"129":2,"130":4,"131":0,"132":4,"133":721,"134":1226,"135":400,"136":1},"f":{"0":100,"1":100,"2":100,"3":411,"4":2,"5":2,"6":102,"7":16,"8":110,"9":38,"10":169,"11":4,"12":0,"13":1,"14":0,"15":0,"16":89,"17":211,"18":280,"19":87,"20":188,"21":2,"22":2,"23":299,"24":0,"25":2,"26":0,"27":0,"28":0,"29":16,"30":692,"31":90,"32":305,"33":2,"34":4,"35":721,"36":1226,"37":400},"b":{"0":[500,500],"1":[4,7],"2":[0,411],"3":[2,100],"4":[2,100],"5":[2,100],"6":[4,658],"7":[2],"8":[4,654],"9":[4,0],"10":[2],"11":[654,638],"12":[654,648],"13":[417,237],"14":[654,425],"15":[0,102],"16":[0],"17":[108,2],"18":[0,280],"19":[0,2],"20":[2],"21":[299,0],"22":[0],"23":[0],"24":[0],"25":[1],"26":[3],"27":[90,87],"28":[0],"29":[0],"30":[0],"31":[4,0]}}
,"/home/gardens/Desktop/web learning/stox/src/Lexer.ts": {"path":"/home/gardens/Desktop/web learning/stox/src/Lexer.ts","statementMap":{"0":{"start":{"line":1,"column":0},"end":{"line":1,"column":32}},"1":{"start":{"line":13,"column":4},"end":{"line":13,"column":null}},"2":{"start":{"line":14,"column":4},"end":{"line":14,"column":null}},"3":{"start":{"line":15,"column":4},"end":{"line":15,"column":null}},"4":{"start":{"line":16,"column":4},"end":{"line":16,"column":null}},"5":{"start":{"line":17,"column":4},"end":{"line":17,"column":null}},"6":{"start":{"line":18,"column":4},"end":{"line":18,"column":null}},"7":{"start":{"line":19,"column":4},"end":{"line":19,"column":null}},"8":{"start":{"line":23,"column":4},"end":{"line":23,"column":null}},"9":{"start":{"line":24,"column":4},"end":{"line":27,"column":null}},"10":{"start":{"line":25,"column":6},"end":{"line":25,"column":null}},"11":{"start":{"line":26,"column":6},"end":{"line":26,"column":null}},"12":{"start":{"line":28,"column":4},"end":{"line":29,"column":null}},"13":{"start":{"line":29,"column":6},"end":{"line":29,"column":null}},"14":{"start":{"line":30,"column":4},"end":{"line":30,"column":null}},"15":{"start":{"line":34,"column":15},"end":{"line":34,"column":30}},"16":{"start":{"line":40,"column":4},"end":{"line":69,"column":null}},"17":{"start":{"line":42,"column":6},"end":{"line":48,"column":null}},"18":{"start":{"line":44,"column":8},"end":{"line":44,"column":null}},"19":{"start":{"line":47,"column":8},"end":{"line":47,"column":null}},"20":{"start":{"line":49,"column":11},"end":{"line":69,"column":null}},"21":{"start":{"line":50,"column":6},"end":{"line":50,"column":null}},"22":{"start":{"line":51,"column":11},"end":{"line":69,"column":null}},"23":{"start":{"line":52,"column":6},"end":{"line":52,"column":null}},"24":{"start":{"line":53,"column":11},"end":{"line":69,"column":null}},"25":{"start":{"line":54,"column":6},"end":{"line":54,"column":null}},"26":{"start":{"line":55,"column":6},"end":{"line":55,"column":null}},"27":{"start":{"line":57,"column":11},"end":{"line":69,"column":null}},"28":{"start":{"line":58,"column":6},"end":{"line":58,"column":null}},"29":{"start":{"line":59,"column":6},"end":{"line":59,"column":null}},"30":{"start":{"line":60,"column":11},"end":{"line":69,"column":null}},"31":{"start":{"line":61,"column":6},"end":{"line":61,"column":null}},"32":{"start":{"line":62,"column":11},"end":{"line":69,"column":null}},"33":{"start":{"line":63,"column":6},"end":{"line":63,"column":null}},"34":{"start":{"line":64,"column":11},"end":{"line":69,"column":null}},"35":{"start":{"line":65,"column":6},"end":{"line":65,"column":null}},"36":{"start":{"line":68,"column":6},"end":{"line":68,"column":null}},"37":{"start":{"line":74,"column":4},"end":{"line":74,"column":null}},"38":{"start":{"line":76,"column":4},"end":{"line":96,"column":null}},"39":{"start":{"line":78,"column":6},"end":{"line":78,"column":null}},"40":{"start":{"line":79,"column":6},"end":{"line":79,"column":null}},"41":{"start":{"line":81,"column":11},"end":{"line":96,"column":null}},"42":{"start":{"line":83,"column":6},"end":{"line":83,"column":null}},"43":{"start":{"line":84,"column":6},"end":{"line":84,"column":null}},"44":{"start":{"line":88,"column":16},"end":{"line":90,"column":null}},"45":{"start":{"line":91,"column":6},"end":{"line":91,"column":null}},"46":{"start":{"line":92,"column":6},"end":{"line":92,"column":null}},"47":{"start":{"line":93,"column":6},"end":{"line":93,"column":null}},"48":{"start":{"line":93,"column":30},"end":{"line":93,"column":null}},"49":{"start":{"line":95,"column":6},"end":{"line":95,"column":null}},"50":{"start":{"line":100,"column":4},"end":{"line":100,"column":null}},"51":{"start":{"line":100,"column":57},"end":{"line":100,"column":null}},"52":{"start":{"line":104,"column":4},"end":{"line":104,"column":null}},"53":{"start":{"line":104,"column":64},"end":{"line":104,"column":null}},"54":{"start":{"line":109,"column":4},"end":{"line":109,"column":null}},"55":{"start":{"line":112,"column":4},"end":{"line":117,"column":null}},"56":{"start":{"line":113,"column":6},"end":{"line":113,"column":null}},"57":{"start":{"line":116,"column":6},"end":{"line":116,"column":null}},"58":{"start":{"line":118,"column":4},"end":{"line":118,"column":null}},"59":{"start":{"line":122,"column":4},"end":{"line":124,"column":null}},"60":{"start":{"line":123,"column":6},"end":{"line":123,"column":null}},"61":{"start":{"line":125,"column":4},"end":{"line":125,"column":null}},"62":{"start":{"line":132,"column":4},"end":{"line":141,"column":null}},"63":{"start":{"line":137,"column":6},"end":{"line":139,"column":null}},"64":{"start":{"line":138,"column":8},"end":{"line":138,"column":null}},"65":{"start":{"line":140,"column":6},"end":{"line":140,"column":null}},"66":{"start":{"line":143,"column":4},"end":{"line":145,"column":null}},"67":{"start":{"line":144,"column":6},"end":{"line":144,"column":null}},"68":{"start":{"line":148,"column":4},"end":{"line":148,"column":null}},"69":{"start":{"line":150,"column":16},"end":{"line":153,"column":27}},"70":{"start":{"line":154,"column":4},"end":{"line":154,"column":null}},"71":{"start":{"line":160,"column":4},"end":{"line":162,"column":null}},"72":{"start":{"line":161,"column":6},"end":{"line":161,"column":null}},"73":{"start":{"line":163,"column":16},"end":{"line":163,"column":59}},"74":{"start":{"line":164,"column":4},"end":{"line":164,"column":null}},"75":{"start":{"line":168,"column":4},"end":{"line":168,"column":null}},"76":{"start":{"line":168,"column":62},"end":{"line":168,"column":null}},"77":{"start":{"line":170,"column":6},"end":{"line":171,"column":14}},"78":{"start":{"line":172,"column":4},"end":{"line":177,"column":null}},"79":{"start":{"line":173,"column":6},"end":{"line":173,"column":null}},"80":{"start":{"line":175,"column":6},"end":{"line":175,"column":null}},"81":{"start":{"line":176,"column":6},"end":{"line":176,"column":null}},"82":{"start":{"line":181,"column":4},"end":{"line":181,"column":null}},"83":{"start":{"line":181,"column":30},"end":{"line":181,"column":null}},"84":{"start":{"line":182,"column":4},"end":{"line":182,"column":null}},"85":{"start":{"line":182,"column":48},"end":{"line":182,"column":null}},"86":{"start":{"line":183,"column":4},"end":{"line":183,"column":null}},"87":{"start":{"line":187,"column":4},"end":{"line":187,"column":null}},"88":{"start":{"line":192,"column":4},"end":{"line":192,"column":null}},"89":{"start":{"line":196,"column":4},"end":{"line":196,"column":null}},"90":{"start":{"line":199,"column":4},"end":{"line":199,"column":null}},"91":{"start":{"line":206,"column":16},"end":{"line":206,"column":45}},"92":{"start":{"line":207,"column":4},"end":{"line":207,"column":null}},"93":{"start":{"line":212,"column":15},"end":{"line":212,"column":58}},"94":{"start":{"line":213,"column":16},"end":{"line":213,"column":68}},"95":{"start":{"line":214,"column":4},"end":{"line":214,"column":null}},"96":{"start":{"line":215,"column":4},"end":{"line":215,"column":null}},"97":{"start":{"line":219,"column":4},"end":{"line":219,"column":null}},"98":{"start":{"line":220,"column":4},"end":{"line":220,"column":null}},"99":{"start":{"line":225,"column":16},"end":{"line":225,"column":65}},"100":{"start":{"line":226,"column":4},"end":{"line":226,"column":null}},"101":{"start":{"line":227,"column":4},"end":{"line":227,"column":null}},"102":{"start":{"line":231,"column":4},"end":{"line":231,"column":null}},"103":{"start":{"line":235,"column":0},"end":{"line":235,"column":null}}},"fnMap":{"0":{"name":"(anonymous_0)","decl":{"start":{"line":12,"column":2},"end":{"line":12,"column":14}},"loc":{"start":{"line":12,"column":42},"end":{"line":20,"column":3}}},"1":{"name":"(anonymous_1)","decl":{"start":{"line":22,"column":2},"end":{"line":22,"column":12}},"loc":{"start":{"line":22,"column":42},"end":{"line":31,"column":3}}},"2":{"name":"(anonymous_2)","decl":{"start":{"line":33,"column":2},"end":{"line":33,"column":11}},"loc":{"start":{"line":33,"column":11},"end":{"line":70,"column":3}}},"3":{"name":"(anonymous_3)","decl":{"start":{"line":72,"column":2},"end":{"line":72,"column":13}},"loc":{"start":{"line":72,"column":13},"end":{"line":97,"column":3}}},"4":{"name":"(anonymous_4)","decl":{"start":{"line":99,"column":2},"end":{"line":99,"column":15}},"loc":{"start":{"line":99,"column":15},"end":{"line":101,"column":3}}},"5":{"name":"(anonymous_5)","decl":{"start":{"line":103,"column":2},"end":{"line":103,"column":21}},"loc":{"start":{"line":103,"column":21},"end":{"line":105,"column":3}}},"6":{"name":"(anonymous_6)","decl":{"start":{"line":107,"column":2},"end":{"line":107,"column":8}},"loc":{"start":{"line":107,"column":8},"end":{"line":119,"column":3}}},"7":{"name":"(anonymous_7)","decl":{"start":{"line":121,"column":2},"end":{"line":121,"column":9}},"loc":{"start":{"line":121,"column":9},"end":{"line":126,"column":3}}},"8":{"name":"(anonymous_8)","decl":{"start":{"line":128,"column":2},"end":{"line":128,"column":8}},"loc":{"start":{"line":128,"column":8},"end":{"line":155,"column":3}}},"9":{"name":"(anonymous_9)","decl":{"start":{"line":157,"column":2},"end":{"line":157,"column":12}},"loc":{"start":{"line":157,"column":12},"end":{"line":165,"column":3}}},"10":{"name":"(anonymous_10)","decl":{"start":{"line":167,"column":2},"end":{"line":167,"column":7}},"loc":{"start":{"line":167,"column":24},"end":{"line":178,"column":3}}},"11":{"name":"(anonymous_11)","decl":{"start":{"line":180,"column":2},"end":{"line":180,"column":6}},"loc":{"start":{"line":180,"column":20},"end":{"line":184,"column":3}}},"12":{"name":"(anonymous_12)","decl":{"start":{"line":186,"column":2},"end":{"line":186,"column":13}},"loc":{"start":{"line":186,"column":26},"end":{"line":189,"column":3}}},"13":{"name":"(anonymous_13)","decl":{"start":{"line":191,"column":2},"end":{"line":191,"column":16}},"loc":{"start":{"line":191,"column":29},"end":{"line":193,"column":3}}},"14":{"name":"(anonymous_14)","decl":{"start":{"line":195,"column":2},"end":{"line":195,"column":9}},"loc":{"start":{"line":195,"column":22},"end":{"line":197,"column":3}}},"15":{"name":"(anonymous_15)","decl":{"start":{"line":198,"column":2},"end":{"line":198,"column":14}},"loc":{"start":{"line":198,"column":27},"end":{"line":200,"column":3}}},"16":{"name":"(anonymous_16)","decl":{"start":{"line":202,"column":2},"end":{"line":202,"column":10}},"loc":{"start":{"line":204,"column":59},"end":{"line":208,"column":3}}},"17":{"name":"(anonymous_17)","decl":{"start":{"line":210,"column":2},"end":{"line":210,"column":11}},"loc":{"start":{"line":210,"column":64},"end":{"line":216,"column":3}}},"18":{"name":"(anonymous_18)","decl":{"start":{"line":218,"column":2},"end":{"line":218,"column":12}},"loc":{"start":{"line":218,"column":12},"end":{"line":221,"column":3}}},"19":{"name":"(anonymous_19)","decl":{"start":{"line":223,"column":2},"end":{"line":223,"column":9}},"loc":{"start":{"line":223,"column":23},"end":{"line":228,"column":3}}},"20":{"name":"(anonymous_20)","decl":{"start":{"line":230,"column":2},"end":{"line":230,"column":9}},"loc":{"start":{"line":230,"column":9},"end":{"line":232,"column":3}}}},"branchMap":{"0":{"loc":{"start":{"line":12,"column":24},"end":{"line":12,"column":32}},"type":"default-arg","locations":[{"start":{"line":12,"column":31},"end":{"line":12,"column":32}}]},"1":{"loc":{"start":{"line":12,"column":34},"end":{"line":12,"column":42}},"type":"default-arg","locations":[{"start":{"line":12,"column":41},"end":{"line":12,"column":42}}]},"2":{"loc":{"start":{"line":22,"column":29},"end":{"line":22,"column":42}},"type":"default-arg","locations":[{"start":{"line":22,"column":38},"end":{"line":22,"column":42}}]},"3":{"loc":{"start":{"line":28,"column":4},"end":{"line":29,"column":null}},"type":"if","locations":[{"start":{"line":28,"column":4},"end":{"line":29,"column":null}}]},"4":{"loc":{"start":{"line":40,"column":4},"end":{"line":69,"column":null}},"type":"if","locations":[{"start":{"line":40,"column":4},"end":{"line":69,"column":null}},{"start":{"line":49,"column":11},"end":{"line":69,"column":null}}]},"5":{"loc":{"start":{"line":42,"column":6},"end":{"line":48,"column":null}},"type":"if","locations":[{"start":{"line":42,"column":6},"end":{"line":48,"column":null}},{"start":{"line":45,"column":13},"end":{"line":48,"column":null}}]},"6":{"loc":{"start":{"line":49,"column":11},"end":{"line":69,"column":null}},"type":"if","locations":[{"start":{"line":49,"column":11},"end":{"line":69,"column":null}},{"start":{"line":51,"column":11},"end":{"line":69,"column":null}}]},"7":{"loc":{"start":{"line":49,"column":15},"end":{"line":49,"column":50}},"type":"binary-expr","locations":[{"start":{"line":49,"column":15},"end":{"line":49,"column":27}},{"start":{"line":49,"column":31},"end":{"line":49,"column":50}}]},"8":{"loc":{"start":{"line":51,"column":11},"end":{"line":69,"column":null}},"type":"if","locations":[{"start":{"line":51,"column":11},"end":{"line":69,"column":null}},{"start":{"line":53,"column":11},"end":{"line":69,"column":null}}]},"9":{"loc":{"start":{"line":51,"column":15},"end":{"line":51,"column":53}},"type":"binary-expr","locations":[{"start":{"line":51,"column":15},"end":{"line":51,"column":27}},{"start":{"line":51,"column":31},"end":{"line":51,"column":53}}]},"10":{"loc":{"start":{"line":53,"column":11},"end":{"line":69,"column":null}},"type":"if","locations":[{"start":{"line":53,"column":11},"end":{"line":69,"column":null}},{"start":{"line":57,"column":11},"end":{"line":69,"column":null}}]},"11":{"loc":{"start":{"line":57,"column":11},"end":{"line":69,"column":null}},"type":"if","locations":[{"start":{"line":57,"column":11},"end":{"line":69,"column":null}},{"start":{"line":60,"column":11},"end":{"line":69,"column":null}}]},"12":{"loc":{"start":{"line":60,"column":11},"end":{"line":69,"column":null}},"type":"if","locations":[{"start":{"line":60,"column":11},"end":{"line":69,"column":null}},{"start":{"line":62,"column":11},"end":{"line":69,"column":null}}]},"13":{"loc":{"start":{"line":62,"column":11},"end":{"line":69,"column":null}},"type":"if","locations":[{"start":{"line":62,"column":11},"end":{"line":69,"column":null}},{"start":{"line":64,"column":11},"end":{"line":69,"column":null}}]},"14":{"loc":{"start":{"line":64,"column":11},"end":{"line":69,"column":null}},"type":"if","locations":[{"start":{"line":64,"column":11},"end":{"line":69,"column":null}},{"start":{"line":66,"column":11},"end":{"line":69,"column":null}}]},"15":{"loc":{"start":{"line":76,"column":4},"end":{"line":96,"column":null}},"type":"if","locations":[{"start":{"line":76,"column":4},"end":{"line":96,"column":null}},{"start":{"line":81,"column":11},"end":{"line":96,"column":null}}]},"16":{"loc":{"start":{"line":81,"column":11},"end":{"line":96,"column":null}},"type":"if","locations":[{"start":{"line":81,"column":11},"end":{"line":96,"column":null}},{"start":{"line":86,"column":11},"end":{"line":96,"column":null}}]},"17":{"loc":{"start":{"line":93,"column":6},"end":{"line":93,"column":null}},"type":"if","locations":[{"start":{"line":93,"column":6},"end":{"line":93,"column":null}}]},"18":{"loc":{"start":{"line":100,"column":11},"end":{"line":100,"column":55}},"type":"binary-expr","locations":[{"start":{"line":100,"column":11},"end":{"line":100,"column":36}},{"start":{"line":100,"column":40},"end":{"line":100,"column":55}}]},"19":{"loc":{"start":{"line":104,"column":11},"end":{"line":104,"column":62}},"type":"binary-expr","locations":[{"start":{"line":104,"column":11},"end":{"line":104,"column":43}},{"start":{"line":104,"column":47},"end":{"line":104,"column":62}}]},"20":{"loc":{"start":{"line":112,"column":4},"end":{"line":117,"column":null}},"type":"if","locations":[{"start":{"line":112,"column":4},"end":{"line":117,"column":null}}]},"21":{"loc":{"start":{"line":112,"column":8},"end":{"line":112,"column":56}},"type":"binary-expr","locations":[{"start":{"line":112,"column":8},"end":{"line":112,"column":26}},{"start":{"line":112,"column":30},"end":{"line":112,"column":56}}]},"22":{"loc":{"start":{"line":122,"column":11},"end":{"line":122,"column":49}},"type":"binary-expr","locations":[{"start":{"line":122,"column":11},"end":{"line":122,"column":30}},{"start":{"line":122,"column":34},"end":{"line":122,"column":49}}]},"23":{"loc":{"start":{"line":133,"column":6},"end":{"line":135,"column":21}},"type":"binary-expr","locations":[{"start":{"line":133,"column":7},"end":{"line":133,"column":26}},{"start":{"line":134,"column":9},"end":{"line":134,"column":28}},{"start":{"line":134,"column":32},"end":{"line":134,"column":54}},{"start":{"line":135,"column":6},"end":{"line":135,"column":21}}]},"24":{"loc":{"start":{"line":137,"column":6},"end":{"line":139,"column":null}},"type":"if","locations":[{"start":{"line":137,"column":6},"end":{"line":139,"column":null}}]},"25":{"loc":{"start":{"line":143,"column":4},"end":{"line":145,"column":null}},"type":"if","locations":[{"start":{"line":143,"column":4},"end":{"line":145,"column":null}}]},"26":{"loc":{"start":{"line":160,"column":11},"end":{"line":160,"column":60}},"type":"binary-expr","locations":[{"start":{"line":160,"column":11},"end":{"line":160,"column":41}},{"start":{"line":160,"column":45},"end":{"line":160,"column":60}}]},"27":{"loc":{"start":{"line":168,"column":4},"end":{"line":168,"column":null}},"type":"if","locations":[{"start":{"line":168,"column":4},"end":{"line":168,"column":null}}]},"28":{"loc":{"start":{"line":172,"column":4},"end":{"line":177,"column":null}},"type":"if","locations":[{"start":{"line":172,"column":4},"end":{"line":177,"column":null}},{"start":{"line":174,"column":11},"end":{"line":177,"column":null}}]},"29":{"loc":{"start":{"line":180,"column":7},"end":{"line":180,"column":20}},"type":"default-arg","locations":[{"start":{"line":180,"column":19},"end":{"line":180,"column":20}}]},"30":{"loc":{"start":{"line":181,"column":4},"end":{"line":181,"column":null}},"type":"if","locations":[{"start":{"line":181,"column":4},"end":{"line":181,"column":null}}]},"31":{"loc":{"start":{"line":182,"column":4},"end":{"line":182,"column":null}},"type":"if","locations":[{"start":{"line":182,"column":4},"end":{"line":182,"column":null}}]},"32":{"loc":{"start":{"line":187,"column":11},"end":{"line":187,"column":73}},"type":"binary-expr","locations":[{"start":{"line":187,"column":11},"end":{"line":187,"column":22}},{"start":{"line":187,"column":26},"end":{"line":187,"column":50}},{"start":{"line":187,"column":54},"end":{"line":187,"column":73}}]},"33":{"loc":{"start":{"line":192,"column":11},"end":{"line":192,"column":55}},"type":"binary-expr","locations":[{"start":{"line":192,"column":11},"end":{"line":192,"column":29}},{"start":{"line":192,"column":33},"end":{"line":192,"column":55}}]},"34":{"loc":{"start":{"line":204,"column":4},"end":{"line":204,"column":59}},"type":"default-arg","locations":[{"start":{"line":204,"column":50},"end":{"line":204,"column":59}}]},"35":{"loc":{"start":{"line":210,"column":26},"end":{"line":210,"column":64}},"type":"default-arg","locations":[{"start":{"line":210,"column":60},"end":{"line":210,"column":64}}]},"36":{"loc":{"start":{"line":223,"column":10},"end":{"line":223,"column":23}},"type":"default-arg","locations":[{"start":{"line":223,"column":22},"end":{"line":223,"column":23}}]}},"s":{"0":1,"1":103,"2":103,"3":103,"4":103,"5":103,"6":103,"7":103,"8":103,"9":103,"10":547,"11":547,"12":103,"13":100,"14":103,"15":547,"16":547,"17":3,"18":0,"19":3,"20":544,"21":0,"22":544,"23":38,"24":506,"25":0,"26":0,"27":506,"28":0,"29":0,"30":506,"31":169,"32":337,"33":115,"34":222,"35":222,"36":0,"37":118,"38":118,"39":2,"40":2,"41":116,"42":2,"43":2,"44":114,"45":114,"46":114,"47":114,"48":110,"49":114,"50":171,"51":16,"52":118,"53":103,"54":169,"55":169,"56":2,"57":2,"58":169,"59":0,"60":0,"61":0,"62":38,"63":103,"64":0,"65":103,"66":38,"67":0,"68":38,"69":38,"70":38,"71":222,"72":0,"73":222,"74":222,"75":0,"76":0,"77":0,"78":0,"79":0,"80":0,"81":0,"82":1403,"83":0,"84":1403,"85":107,"86":1296,"87":558,"88":221,"89":1240,"90":1002,"91":547,"92":547,"93":547,"94":547,"95":547,"96":547,"97":0,"98":0,"99":809,"100":809,"101":809,"102":1013,"103":1},"f":{"0":103,"1":103,"2":547,"3":118,"4":171,"5":118,"6":169,"7":0,"8":38,"9":222,"10":0,"11":1403,"12":558,"13":221,"14":1240,"15":1002,"16":547,"17":547,"18":0,"19":809,"20":1013},"b":{"0":[103],"1":[103],"2":[0],"3":[100],"4":[3,544],"5":[0,3],"6":[0,544],"7":[544,3],"8":[38,506],"9":[544,38],"10":[0,506],"11":[0,506],"12":[169,337],"13":[115,222],"14":[222,0],"15":[2,116],"16":[2,114],"17":[110],"18":[187,16],"19":[221,206],"20":[2],"21":[169,2],"22":[0,0],"23":[141,40,40,103],"24":[0],"25":[0],"26":[222,0],"27":[0],"28":[0,0],"29":[1089],"30":[0],"31":[107],"32":[558,558,321],"33":[221,221],"34":[336],"35":[336],"36":[262]}}
,"/home/gardens/Desktop/web learning/stox/src/StackOperation.ts": {"path":"/home/gardens/Desktop/web learning/stox/src/StackOperation.ts","statementMap":{"0":{"start":{"line":19,"column":4},"end":{"line":19,"column":null}},"1":{"start":{"line":20,"column":4},"end":{"line":20,"column":null}},"2":{"start":{"line":21,"column":4},"end":{"line":21,"column":null}},"3":{"start":{"line":22,"column":4},"end":{"line":22,"column":null}},"4":{"start":{"line":23,"column":4},"end":{"line":23,"column":null}},"5":{"start":{"line":27,"column":6},"end":{"line":29,"column":null}},"6":{"start":{"line":31,"column":4},"end":{"line":31,"column":null}},"7":{"start":{"line":4,"column":0},"end":{"line":4,"column":13}}},"fnMap":{"0":{"name":"(anonymous_0)","decl":{"start":{"line":11,"column":2},"end":{"line":11,"column":null}},"loc":{"start":{"line":17,"column":59},"end":{"line":24,"column":3}}},"1":{"name":"(anonymous_1)","decl":{"start":{"line":25,"column":2},"end":{"line":25,"column":10}},"loc":{"start":{"line":25,"column":10},"end":{"line":32,"column":3}}}},"branchMap":{"0":{"loc":{"start":{"line":21,"column":17},"end":{"line":21,"column":28}},"type":"cond-expr","locations":[{"start":{"line":21,"column":17},"end":{"line":21,"column":22}},{"start":{"line":21,"column":26},"end":{"line":21,"column":28}}]},"1":{"loc":{"start":{"line":21,"column":17},"end":{"line":21,"column":26}},"type":"binary-expr","locations":[{"start":{"line":21,"column":17},"end":{"line":21,"column":26}},{"start":{"line":21,"column":17},"end":{"line":21,"column":26}}]},"2":{"loc":{"start":{"line":22,"column":19},"end":{"line":22,"column":32}},"type":"cond-expr","locations":[{"start":{"line":22,"column":19},"end":{"line":22,"column":26}},{"start":{"line":22,"column":30},"end":{"line":22,"column":32}}]},"3":{"loc":{"start":{"line":22,"column":19},"end":{"line":22,"column":30}},"type":"binary-expr","locations":[{"start":{"line":22,"column":19},"end":{"line":22,"column":30}},{"start":{"line":22,"column":19},"end":{"line":22,"column":30}}]}},"s":{"0":310,"1":310,"2":310,"3":310,"4":310,"5":0,"6":0,"7":1},"f":{"0":310,"1":0},"b":{"0":[310,0],"1":[310,310],"2":[310,0],"3":[310,310]}}
,"/home/gardens/Desktop/web learning/stox/src/StandardLib.ts": {"path":"/home/gardens/Desktop/web learning/stox/src/StandardLib.ts","statementMap":{"0":{"start":{"line":2,"column":0},"end":{"line":2,"column":49}},"1":{"start":{"line":3,"column":0},"end":{"line":3,"column":32}},"2":{"start":{"line":9,"column":13},"end":{"line":281,"column":null}},"3":{"start":{"line":11,"column":4},"end":{"line":11,"column":null}},"4":{"start":{"line":12,"column":4},"end":{"line":16,"column":null}},"5":{"start":{"line":20,"column":4},"end":{"line":20,"column":null}},"6":{"start":{"line":27,"column":4},"end":{"line":27,"column":null}},"7":{"start":{"line":28,"column":20},"end":{"line":28,"column":42}},"8":{"start":{"line":29,"column":4},"end":{"line":75,"column":null}},"9":{"start":{"line":31,"column":26},"end":{"line":31,"column":43}},"10":{"start":{"line":32,"column":6},"end":{"line":32,"column":null}},"11":{"start":{"line":33,"column":6},"end":{"line":33,"column":null}},"12":{"start":{"line":34,"column":25},"end":{"line":34,"column":56}},"13":{"start":{"line":35,"column":6},"end":{"line":35,"column":null}},"14":{"start":{"line":36,"column":6},"end":{"line":40,"column":null}},"15":{"start":{"line":41,"column":11},"end":{"line":75,"column":null}},"16":{"start":{"line":43,"column":25},"end":{"line":43,"column":42}},"17":{"start":{"line":44,"column":25},"end":{"line":44,"column":77}},"18":{"start":{"line":44,"column":59},"end":{"line":44,"column":76}},"19":{"start":{"line":45,"column":6},"end":{"line":68,"column":null}},"20":{"start":{"line":46,"column":8},"end":{"line":48,"column":null}},"21":{"start":{"line":47,"column":10},"end":{"line":47,"column":null}},"22":{"start":{"line":49,"column":25},"end":{"line":49,"column":40}},"23":{"start":{"line":50,"column":20},"end":{"line":50,"column":57}},"24":{"start":{"line":52,"column":8},"end":{"line":52,"column":null}},"25":{"start":{"line":53,"column":8},"end":{"line":53,"column":null}},"26":{"start":{"line":55,"column":8},"end":{"line":59,"column":null}},"27":{"start":{"line":61,"column":8},"end":{"line":61,"column":null}},"28":{"start":{"line":63,"column":8},"end":{"line":67,"column":null}},"29":{"start":{"line":70,"column":6},"end":{"line":73,"column":null}},"30":{"start":{"line":74,"column":6},"end":{"line":74,"column":null}},"31":{"start":{"line":80,"column":4},"end":{"line":80,"column":null}},"32":{"start":{"line":81,"column":20},"end":{"line":81,"column":42}},"33":{"start":{"line":82,"column":4},"end":{"line":82,"column":null}},"34":{"start":{"line":83,"column":21},"end":{"line":83,"column":43}},"35":{"start":{"line":84,"column":19},"end":{"line":89,"column":null}},"36":{"start":{"line":91,"column":4},"end":{"line":91,"column":null}},"37":{"start":{"line":92,"column":4},"end":{"line":92,"column":null}},"38":{"start":{"line":93,"column":4},"end":{"line":97,"column":null}},"39":{"start":{"line":101,"column":4},"end":{"line":101,"column":null}},"40":{"start":{"line":102,"column":21},"end":{"line":102,"column":43}},"41":{"start":{"line":103,"column":24},"end":{"line":103,"column":42}},"42":{"start":{"line":104,"column":4},"end":{"line":104,"column":null}},"43":{"start":{"line":105,"column":4},"end":{"line":105,"column":null}},"44":{"start":{"line":106,"column":23},"end":{"line":106,"column":54}},"45":{"start":{"line":107,"column":4},"end":{"line":111,"column":null}},"46":{"start":{"line":115,"column":4},"end":{"line":115,"column":null}},"47":{"start":{"line":116,"column":21},"end":{"line":116,"column":43}},"48":{"start":{"line":117,"column":24},"end":{"line":117,"column":42}},"49":{"start":{"line":118,"column":4},"end":{"line":118,"column":null}},"50":{"start":{"line":119,"column":4},"end":{"line":119,"column":null}},"51":{"start":{"line":120,"column":22},"end":{"line":120,"column":51}},"52":{"start":{"line":121,"column":19},"end":{"line":126,"column":null}},"53":{"start":{"line":128,"column":4},"end":{"line":128,"column":null}},"54":{"start":{"line":129,"column":4},"end":{"line":133,"column":null}},"55":{"start":{"line":136,"column":4},"end":{"line":136,"column":null}},"56":{"start":{"line":137,"column":22},"end":{"line":137,"column":47}},"57":{"start":{"line":138,"column":19},"end":{"line":143,"column":null}},"58":{"start":{"line":145,"column":4},"end":{"line":145,"column":null}},"59":{"start":{"line":146,"column":4},"end":{"line":150,"column":null}},"60":{"start":{"line":155,"column":4},"end":{"line":155,"column":null}},"61":{"start":{"line":156,"column":21},"end":{"line":156,"column":43}},"62":{"start":{"line":157,"column":24},"end":{"line":157,"column":42}},"63":{"start":{"line":158,"column":4},"end":{"line":158,"column":null}},"64":{"start":{"line":159,"column":4},"end":{"line":159,"column":null}},"65":{"start":{"line":160,"column":22},"end":{"line":160,"column":44}},"66":{"start":{"line":161,"column":4},"end":{"line":161,"column":null}},"67":{"start":{"line":162,"column":4},"end":{"line":166,"column":null}},"68":{"start":{"line":193,"column":4},"end":{"line":193,"column":null}},"69":{"start":{"line":194,"column":23},"end":{"line":194,"column":45}},"70":{"start":{"line":195,"column":17},"end":{"line":195,"column":51}},"71":{"start":{"line":196,"column":19},"end":{"line":201,"column":null}},"72":{"start":{"line":203,"column":4},"end":{"line":203,"column":null}},"73":{"start":{"line":204,"column":4},"end":{"line":208,"column":null}},"74":{"start":{"line":216,"column":4},"end":{"line":216,"column":null}},"75":{"start":{"line":217,"column":20},"end":{"line":217,"column":42}},"76":{"start":{"line":218,"column":4},"end":{"line":228,"column":null}},"77":{"start":{"line":219,"column":6},"end":{"line":222,"column":null}},"78":{"start":{"line":223,"column":11},"end":{"line":228,"column":null}},"79":{"start":{"line":227,"column":6},"end":{"line":227,"column":null}},"80":{"start":{"line":230,"column":15},"end":{"line":233,"column":27}},"81":{"start":{"line":234,"column":22},"end":{"line":239,"column":null}},"82":{"start":{"line":241,"column":17},"end":{"line":241,"column":66}},"83":{"start":{"line":244,"column":4},"end":{"line":246,"column":null}},"84":{"start":{"line":245,"column":6},"end":{"line":245,"column":null}},"85":{"start":{"line":247,"column":4},"end":{"line":247,"column":null}},"86":{"start":{"line":248,"column":4},"end":{"line":252,"column":null}},"87":{"start":{"line":257,"column":4},"end":{"line":257,"column":null}},"88":{"start":{"line":258,"column":23},"end":{"line":258,"column":45}},"89":{"start":{"line":259,"column":4},"end":{"line":259,"column":null}},"90":{"start":{"line":260,"column":4},"end":{"line":264,"column":null}},"91":{"start":{"line":269,"column":4},"end":{"line":269,"column":null}},"92":{"start":{"line":270,"column":27},"end":{"line":270,"column":50}},"93":{"start":{"line":271,"column":26},"end":{"line":271,"column":49}},"94":{"start":{"line":272,"column":25},"end":{"line":272,"column":48}},"95":{"start":{"line":273,"column":22},"end":{"line":273,"column":66}},"96":{"start":{"line":274,"column":4},"end":{"line":274,"column":null}},"97":{"start":{"line":275,"column":4},"end":{"line":279,"column":null}},"98":{"start":{"line":287,"column":2},"end":{"line":417,"column":null}},"99":{"start":{"line":290,"column":4},"end":{"line":290,"column":null}},"100":{"start":{"line":291,"column":17},"end":{"line":291,"column":39}},"101":{"start":{"line":292,"column":16},"end":{"line":292,"column":30}},"102":{"start":{"line":293,"column":17},"end":{"line":293,"column":39}},"103":{"start":{"line":294,"column":16},"end":{"line":294,"column":30}},"104":{"start":{"line":297,"column":4},"end":{"line":300,"column":null}},"105":{"start":{"line":298,"column":6},"end":{"line":298,"column":null}},"106":{"start":{"line":299,"column":6},"end":{"line":299,"column":null}},"107":{"start":{"line":304,"column":4},"end":{"line":309,"column":null}},"108":{"start":{"line":305,"column":6},"end":{"line":305,"column":null}},"109":{"start":{"line":306,"column":6},"end":{"line":306,"column":null}},"110":{"start":{"line":307,"column":6},"end":{"line":307,"column":null}},"111":{"start":{"line":308,"column":6},"end":{"line":308,"column":null}},"112":{"start":{"line":312,"column":15},"end":{"line":312,"column":23}},"113":{"start":{"line":313,"column":26},"end":{"line":313,"column":31}},"114":{"start":{"line":314,"column":26},"end":{"line":314,"column":31}},"115":{"start":{"line":316,"column":25},"end":{"line":316,"column":77}},"116":{"start":{"line":317,"column":25},"end":{"line":317,"column":77}},"117":{"start":{"line":318,"column":25},"end":{"line":318,"column":77}},"118":{"start":{"line":319,"column":26},"end":{"line":319,"column":78}},"119":{"start":{"line":320,"column":26},"end":{"line":320,"column":78}},"120":{"start":{"line":322,"column":4},"end":{"line":401,"column":null}},"121":{"start":{"line":325,"column":8},"end":{"line":333,"column":null}},"122":{"start":{"line":326,"column":10},"end":{"line":326,"column":null}},"123":{"start":{"line":327,"column":15},"end":{"line":333,"column":null}},"124":{"start":{"line":328,"column":10},"end":{"line":328,"column":null}},"125":{"start":{"line":329,"column":10},"end":{"line":329,"column":null}},"126":{"start":{"line":331,"column":10},"end":{"line":331,"column":null}},"127":{"start":{"line":332,"column":10},"end":{"line":332,"column":null}},"128":{"start":{"line":334,"column":8},"end":{"line":334,"column":13}},"129":{"start":{"line":336,"column":8},"end":{"line":351,"column":null}},"130":{"start":{"line":337,"column":10},"end":{"line":337,"column":null}},"131":{"start":{"line":338,"column":15},"end":{"line":351,"column":null}},"132":{"start":{"line":339,"column":10},"end":{"line":339,"column":null}},"133":{"start":{"line":340,"column":10},"end":{"line":340,"column":null}},"134":{"start":{"line":341,"column":10},"end":{"line":341,"column":null}},"135":{"start":{"line":342,"column":10},"end":{"line":342,"column":null}},"136":{"start":{"line":343,"column":15},"end":{"line":351,"column":null}},"137":{"start":{"line":344,"column":10},"end":{"line":344,"column":null}},"138":{"start":{"line":345,"column":10},"end":{"line":345,"column":null}},"139":{"start":{"line":346,"column":10},"end":{"line":346,"column":null}},"140":{"start":{"line":347,"column":10},"end":{"line":347,"column":null}},"141":{"start":{"line":349,"column":10},"end":{"line":349,"column":null}},"142":{"start":{"line":350,"column":10},"end":{"line":350,"column":null}},"143":{"start":{"line":352,"column":8},"end":{"line":352,"column":13}},"144":{"start":{"line":354,"column":8},"end":{"line":354,"column":null}},"145":{"start":{"line":355,"column":8},"end":{"line":355,"column":13}},"146":{"start":{"line":357,"column":8},"end":{"line":357,"column":null}},"147":{"start":{"line":358,"column":8},"end":{"line":358,"column":13}},"148":{"start":{"line":360,"column":8},"end":{"line":360,"column":null}},"149":{"start":{"line":361,"column":8},"end":{"line":361,"column":13}},"150":{"start":{"line":366,"column":8},"end":{"line":366,"column":null}},"151":{"start":{"line":367,"column":8},"end":{"line":367,"column":13}},"152":{"start":{"line":369,"column":8},"end":{"line":369,"column":null}},"153":{"start":{"line":370,"column":8},"end":{"line":370,"column":13}},"154":{"start":{"line":373,"column":8},"end":{"line":373,"column":null}},"155":{"start":{"line":374,"column":8},"end":{"line":374,"column":13}},"156":{"start":{"line":376,"column":8},"end":{"line":376,"column":null}},"157":{"start":{"line":377,"column":8},"end":{"line":377,"column":13}},"158":{"start":{"line":379,"column":8},"end":{"line":379,"column":null}},"159":{"start":{"line":380,"column":8},"end":{"line":380,"column":13}},"160":{"start":{"line":382,"column":8},"end":{"line":382,"column":null}},"161":{"start":{"line":383,"column":8},"end":{"line":383,"column":13}},"162":{"start":{"line":385,"column":8},"end":{"line":388,"column":null}},"163":{"start":{"line":389,"column":8},"end":{"line":389,"column":13}},"164":{"start":{"line":391,"column":8},"end":{"line":394,"column":null}},"165":{"start":{"line":395,"column":8},"end":{"line":395,"column":13}},"166":{"start":{"line":398,"column":8},"end":{"line":398,"column":null}},"167":{"start":{"line":399,"column":8},"end":{"line":399,"column":null}},"168":{"start":{"line":400,"column":8},"end":{"line":400,"column":13}},"169":{"start":{"line":403,"column":19},"end":{"line":409,"column":null}},"170":{"start":{"line":411,"column":4},"end":{"line":411,"column":null}},"171":{"start":{"line":412,"column":4},"end":{"line":416,"column":null}}},"fnMap":{"0":{"name":"(anonymous_0)","decl":{"start":{"line":10,"column":8},"end":{"line":10,"column":9}},"loc":{"start":{"line":10,"column":51},"end":{"line":17,"column":3}}},"1":{"name":"(anonymous_1)","decl":{"start":{"line":19,"column":8},"end":{"line":19,"column":9}},"loc":{"start":{"line":19,"column":51},"end":{"line":21,"column":3}}},"2":{"name":"(anonymous_2)","decl":{"start":{"line":26,"column":7},"end":{"line":26,"column":8}},"loc":{"start":{"line":26,"column":50},"end":{"line":76,"column":3}}},"3":{"name":"(anonymous_3)","decl":{"start":{"line":44,"column":50},"end":{"line":44,"column":51}},"loc":{"start":{"line":44,"column":59},"end":{"line":44,"column":76}}},"4":{"name":"(anonymous_4)","decl":{"start":{"line":79,"column":7},"end":{"line":79,"column":8}},"loc":{"start":{"line":79,"column":50},"end":{"line":98,"column":3}}},"5":{"name":"(anonymous_5)","decl":{"start":{"line":100,"column":7},"end":{"line":100,"column":8}},"loc":{"start":{"line":100,"column":50},"end":{"line":112,"column":3}}},"6":{"name":"(anonymous_6)","decl":{"start":{"line":114,"column":8},"end":{"line":114,"column":9}},"loc":{"start":{"line":114,"column":51},"end":{"line":134,"column":3}}},"7":{"name":"(anonymous_7)","decl":{"start":{"line":135,"column":7},"end":{"line":135,"column":8}},"loc":{"start":{"line":135,"column":50},"end":{"line":151,"column":3}}},"8":{"name":"(anonymous_8)","decl":{"start":{"line":154,"column":7},"end":{"line":154,"column":8}},"loc":{"start":{"line":154,"column":50},"end":{"line":167,"column":3}}},"9":{"name":"(anonymous_9)","decl":{"start":{"line":192,"column":7},"end":{"line":192,"column":8}},"loc":{"start":{"line":192,"column":50},"end":{"line":209,"column":3}}},"10":{"name":"(anonymous_10)","decl":{"start":{"line":214,"column":8},"end":{"line":214,"column":9}},"loc":{"start":{"line":214,"column":51},"end":{"line":253,"column":3}}},"11":{"name":"(anonymous_11)","decl":{"start":{"line":244,"column":19},"end":{"line":244,"column":20}},"loc":{"start":{"line":244,"column":25},"end":{"line":246,"column":5}}},"12":{"name":"(anonymous_12)","decl":{"start":{"line":255,"column":9},"end":{"line":255,"column":10}},"loc":{"start":{"line":255,"column":52},"end":{"line":265,"column":3}}},"13":{"name":"(anonymous_13)","decl":{"start":{"line":267,"column":7},"end":{"line":267,"column":8}},"loc":{"start":{"line":267,"column":50},"end":{"line":280,"column":3}}},"14":{"name":"makeBinaryOperation","decl":{"start":{"line":283,"column":9},"end":{"line":283,"column":28}},"loc":{"start":{"line":285,"column":61},"end":{"line":418,"column":1}}},"15":{"name":"(anonymous_15)","decl":{"start":{"line":287,"column":9},"end":{"line":287,"column":10}},"loc":{"start":{"line":287,"column":52},"end":{"line":417,"column":3}}}},"branchMap":{"0":{"loc":{"start":{"line":29,"column":4},"end":{"line":75,"column":null}},"type":"if","locations":[{"start":{"line":29,"column":4},"end":{"line":75,"column":null}},{"start":{"line":41,"column":11},"end":{"line":75,"column":null}}]},"1":{"loc":{"start":{"line":41,"column":11},"end":{"line":75,"column":null}},"type":"if","locations":[{"start":{"line":41,"column":11},"end":{"line":75,"column":null}},{"start":{"line":69,"column":11},"end":{"line":75,"column":null}}]},"2":{"loc":{"start":{"line":45,"column":6},"end":{"line":68,"column":null}},"type":"if","locations":[{"start":{"line":45,"column":6},"end":{"line":68,"column":null}},{"start":{"line":60,"column":13},"end":{"line":68,"column":null}}]},"3":{"loc":{"start":{"line":46,"column":8},"end":{"line":48,"column":null}},"type":"if","locations":[{"start":{"line":46,"column":8},"end":{"line":48,"column":null}}]},"4":{"loc":{"start":{"line":195,"column":17},"end":{"line":195,"column":51}},"type":"cond-expr","locations":[{"start":{"line":195,"column":46},"end":{"line":195,"column":47}},{"start":{"line":195,"column":50},"end":{"line":195,"column":51}}]},"5":{"loc":{"start":{"line":218,"column":4},"end":{"line":228,"column":null}},"type":"if","locations":[{"start":{"line":218,"column":4},"end":{"line":228,"column":null}},{"start":{"line":223,"column":11},"end":{"line":228,"column":null}}]},"6":{"loc":{"start":{"line":223,"column":11},"end":{"line":228,"column":null}},"type":"if","locations":[{"start":{"line":223,"column":11},"end":{"line":228,"column":null}}]},"7":{"loc":{"start":{"line":224,"column":6},"end":{"line":225,"column":59}},"type":"binary-expr","locations":[{"start":{"line":224,"column":6},"end":{"line":224,"column":33}},{"start":{"line":225,"column":6},"end":{"line":225,"column":59}}]},"8":{"loc":{"start":{"line":273,"column":22},"end":{"line":273,"column":66}},"type":"cond-expr","locations":[{"start":{"line":273,"column":48},"end":{"line":273,"column":56}},{"start":{"line":273,"column":59},"end":{"line":273,"column":66}}]},"9":{"loc":{"start":{"line":285,"column":4},"end":{"line":285,"column":30}},"type":"default-arg","locations":[{"start":{"line":285,"column":25},"end":{"line":285,"column":30}}]},"10":{"loc":{"start":{"line":285,"column":32},"end":{"line":285,"column":59}},"type":"default-arg","locations":[{"start":{"line":285,"column":54},"end":{"line":285,"column":59}}]},"11":{"loc":{"start":{"line":297,"column":4},"end":{"line":300,"column":null}},"type":"if","locations":[{"start":{"line":297,"column":4},"end":{"line":300,"column":null}}]},"12":{"loc":{"start":{"line":304,"column":4},"end":{"line":309,"column":null}},"type":"if","locations":[{"start":{"line":304,"column":4},"end":{"line":309,"column":null}}]},"13":{"loc":{"start":{"line":306,"column":14},"end":{"line":306,"column":33}},"type":"cond-expr","locations":[{"start":{"line":306,"column":28},"end":{"line":306,"column":29}},{"start":{"line":306,"column":32},"end":{"line":306,"column":33}}]},"14":{"loc":{"start":{"line":308,"column":14},"end":{"line":308,"column":33}},"type":"cond-expr","locations":[{"start":{"line":308,"column":28},"end":{"line":308,"column":29}},{"start":{"line":308,"column":32},"end":{"line":308,"column":33}}]},"15":{"loc":{"start":{"line":316,"column":25},"end":{"line":316,"column":77}},"type":"binary-expr","locations":[{"start":{"line":316,"column":25},"end":{"line":316,"column":49}},{"start":{"line":316,"column":53},"end":{"line":316,"column":77}}]},"16":{"loc":{"start":{"line":317,"column":25},"end":{"line":317,"column":77}},"type":"binary-expr","locations":[{"start":{"line":317,"column":25},"end":{"line":317,"column":49}},{"start":{"line":317,"column":53},"end":{"line":317,"column":77}}]},"17":{"loc":{"start":{"line":318,"column":25},"end":{"line":318,"column":77}},"type":"binary-expr","locations":[{"start":{"line":318,"column":25},"end":{"line":318,"column":49}},{"start":{"line":318,"column":53},"end":{"line":318,"column":77}}]},"18":{"loc":{"start":{"line":319,"column":26},"end":{"line":319,"column":78}},"type":"binary-expr","locations":[{"start":{"line":319,"column":26},"end":{"line":319,"column":50}},{"start":{"line":319,"column":54},"end":{"line":319,"column":78}}]},"19":{"loc":{"start":{"line":320,"column":26},"end":{"line":320,"column":78}},"type":"binary-expr","locations":[{"start":{"line":320,"column":26},"end":{"line":320,"column":50}},{"start":{"line":320,"column":54},"end":{"line":320,"column":78}}]},"20":{"loc":{"start":{"line":322,"column":4},"end":{"line":401,"column":null}},"type":"switch","locations":[{"start":{"line":324,"column":6},"end":{"line":334,"column":13}},{"start":{"line":335,"column":6},"end":{"line":352,"column":13}},{"start":{"line":353,"column":6},"end":{"line":355,"column":13}},{"start":{"line":356,"column":6},"end":{"line":358,"column":13}},{"start":{"line":359,"column":6},"end":{"line":361,"column":13}},{"start":{"line":365,"column":6},"end":{"line":367,"column":13}},{"start":{"line":368,"column":6},"end":{"line":370,"column":13}},{"start":{"line":372,"column":6},"end":{"line":374,"column":13}},{"start":{"line":375,"column":6},"end":{"line":377,"column":13}},{"start":{"line":378,"column":6},"end":{"line":380,"column":13}},{"start":{"line":381,"column":6},"end":{"line":383,"column":13}},{"start":{"line":384,"column":6},"end":{"line":389,"column":13}},{"start":{"line":390,"column":6},"end":{"line":395,"column":13}},{"start":{"line":396,"column":6},"end":{"line":400,"column":13}}]},"21":{"loc":{"start":{"line":325,"column":8},"end":{"line":333,"column":null}},"type":"if","locations":[{"start":{"line":325,"column":8},"end":{"line":333,"column":null}},{"start":{"line":327,"column":15},"end":{"line":333,"column":null}}]},"22":{"loc":{"start":{"line":327,"column":15},"end":{"line":333,"column":null}},"type":"if","locations":[{"start":{"line":327,"column":15},"end":{"line":333,"column":null}},{"start":{"line":330,"column":15},"end":{"line":333,"column":null}}]},"23":{"loc":{"start":{"line":336,"column":8},"end":{"line":351,"column":null}},"type":"if","locations":[{"start":{"line":336,"column":8},"end":{"line":351,"column":null}},{"start":{"line":338,"column":15},"end":{"line":351,"column":null}}]},"24":{"loc":{"start":{"line":338,"column":15},"end":{"line":351,"column":null}},"type":"if","locations":[{"start":{"line":338,"column":15},"end":{"line":351,"column":null}},{"start":{"line":343,"column":15},"end":{"line":351,"column":null}}]},"25":{"loc":{"start":{"line":343,"column":15},"end":{"line":351,"column":null}},"type":"if","locations":[{"start":{"line":343,"column":15},"end":{"line":351,"column":null}},{"start":{"line":348,"column":15},"end":{"line":351,"column":null}}]},"26":{"loc":{"start":{"line":366,"column":17},"end":{"line":366,"column":35}},"type":"binary-expr","locations":[{"start":{"line":366,"column":17},"end":{"line":366,"column":24}},{"start":{"line":366,"column":28},"end":{"line":366,"column":35}}]},"27":{"loc":{"start":{"line":369,"column":17},"end":{"line":369,"column":35}},"type":"binary-expr","locations":[{"start":{"line":369,"column":17},"end":{"line":369,"column":24}},{"start":{"line":369,"column":28},"end":{"line":369,"column":35}}]},"28":{"loc":{"start":{"line":373,"column":17},"end":{"line":373,"column":42}},"type":"cond-expr","locations":[{"start":{"line":373,"column":37},"end":{"line":373,"column":38}},{"start":{"line":373,"column":41},"end":{"line":373,"column":42}}]},"29":{"loc":{"start":{"line":376,"column":17},"end":{"line":376,"column":43}},"type":"cond-expr","locations":[{"start":{"line":376,"column":38},"end":{"line":376,"column":39}},{"start":{"line":376,"column":42},"end":{"line":376,"column":43}}]},"30":{"loc":{"start":{"line":379,"column":17},"end":{"line":379,"column":42}},"type":"cond-expr","locations":[{"start":{"line":379,"column":37},"end":{"line":379,"column":38}},{"start":{"line":379,"column":41},"end":{"line":379,"column":42}}]},"31":{"loc":{"start":{"line":382,"column":17},"end":{"line":382,"column":43}},"type":"cond-expr","locations":[{"start":{"line":382,"column":38},"end":{"line":382,"column":39}},{"start":{"line":382,"column":42},"end":{"line":382,"column":43}}]},"32":{"loc":{"start":{"line":386,"column":10},"end":{"line":388,"column":15}},"type":"cond-expr","locations":[{"start":{"line":387,"column":14},"end":{"line":387,"column":15}},{"start":{"line":388,"column":14},"end":{"line":388,"column":15}}]},"33":{"loc":{"start":{"line":386,"column":10},"end":{"line":386,"column":74}},"type":"binary-expr","locations":[{"start":{"line":386,"column":10},"end":{"line":386,"column":37}},{"start":{"line":386,"column":41},"end":{"line":386,"column":74}}]},"34":{"loc":{"start":{"line":392,"column":10},"end":{"line":394,"column":15}},"type":"cond-expr","locations":[{"start":{"line":393,"column":14},"end":{"line":393,"column":15}},{"start":{"line":394,"column":14},"end":{"line":394,"column":15}}]},"35":{"loc":{"start":{"line":392,"column":10},"end":{"line":392,"column":74}},"type":"binary-expr","locations":[{"start":{"line":392,"column":10},"end":{"line":392,"column":37}},{"start":{"line":392,"column":41},"end":{"line":392,"column":74}}]}},"s":{"0":1,"1":1,"2":1,"3":211,"4":211,"5":1,"6":6,"7":5,"8":5,"9":1,"10":1,"11":1,"12":1,"13":1,"14":1,"15":4,"16":3,"17":3,"18":5,"19":3,"20":2,"21":1,"22":1,"23":1,"24":1,"25":1,"26":1,"27":1,"28":0,"29":1,"30":0,"31":4,"32":4,"33":4,"34":4,"35":4,"36":4,"37":4,"38":4,"39":1,"40":1,"41":1,"42":1,"43":1,"44":1,"45":1,"46":1,"47":1,"48":1,"49":1,"50":1,"51":1,"52":1,"53":1,"54":1,"55":2,"56":2,"57":2,"58":2,"59":2,"60":1,"61":1,"62":1,"63":1,"64":1,"65":1,"66":1,"67":1,"68":2,"69":2,"70":2,"71":2,"72":2,"73":2,"74":5,"75":5,"76":5,"77":2,"78":3,"79":0,"80":3,"81":3,"82":3,"83":3,"84":5,"85":3,"86":3,"87":2,"88":2,"89":2,"90":2,"91":2,"92":2,"93":2,"94":2,"95":2,"96":2,"97":2,"98":13,"99":81,"100":81,"101":81,"102":81,"103":81,"104":81,"105":44,"106":44,"107":78,"108":8,"109":8,"110":8,"111":8,"112":78,"113":78,"114":78,"115":78,"116":78,"117":78,"118":78,"119":78,"120":78,"121":6,"122":2,"123":4,"124":3,"125":3,"126":1,"127":0,"128":5,"129":5,"130":2,"131":3,"132":1,"133":1,"134":1,"135":1,"136":2,"137":1,"138":1,"139":1,"140":1,"141":1,"142":0,"143":4,"144":2,"145":2,"146":2,"147":2,"148":1,"149":1,"150":4,"151":4,"152":4,"153":4,"154":9,"155":9,"156":9,"157":9,"158":9,"159":9,"160":9,"161":9,"162":9,"163":9,"164":9,"165":9,"166":0,"167":0,"168":0,"169":76,"170":76,"171":76},"f":{"0":211,"1":1,"2":6,"3":5,"4":4,"5":1,"6":1,"7":2,"8":1,"9":2,"10":5,"11":5,"12":2,"13":2,"14":13,"15":81},"b":{"0":[1,4],"1":[3,1],"2":[2,1],"3":[1],"4":[1,1],"5":[2,3],"6":[0],"7":[3,3],"8":[1,1],"9":[11],"10":[6],"11":[44],"12":[8],"13":[4,4],"14":[4,4],"15":[78,75],"16":[78,5],"17":[78,73],"18":[78,3],"19":[78,73],"20":[6,5,2,2,1,4,4,9,9,9,9,9,9,0],"21":[2,4],"22":[3,1],"23":[2,3],"24":[1,2],"25":[1,1],"26":[4,2],"27":[4,2],"28":[3,6],"29":[6,3],"30":[3,6],"31":[6,3],"32":[3,6],"33":[9,9],"34":[3,6],"35":[9,9]}}
,"/home/gardens/Desktop/web learning/stox/src/Stox.ts": {"path":"/home/gardens/Desktop/web learning/stox/src/Stox.ts","statementMap":{"0":{"start":{"line":1,"column":0},"end":{"line":1,"column":27}},"1":{"start":{"line":2,"column":0},"end":{"line":2,"column":39}},"2":{"start":{"line":3,"column":0},"end":{"line":3,"column":32}},"3":{"start":{"line":11,"column":4},"end":{"line":11,"column":null}},"4":{"start":{"line":12,"column":4},"end":{"line":12,"column":null}},"5":{"start":{"line":13,"column":4},"end":{"line":13,"column":null}},"6":{"start":{"line":14,"column":4},"end":{"line":14,"column":null}},"7":{"start":{"line":18,"column":13},"end":{"line":18,"column":23}},"8":{"start":{"line":19,"column":4},"end":{"line":19,"column":null}},"9":{"start":{"line":20,"column":4},"end":{"line":20,"column":null}},"10":{"start":{"line":24,"column":17},"end":{"line":24,"column":60}},"11":{"start":{"line":27,"column":4},"end":{"line":27,"column":null}},"12":{"start":{"line":28,"column":4},"end":{"line":28,"column":null}},"13":{"start":{"line":29,"column":4},"end":{"line":29,"column":null}},"14":{"start":{"line":33,"column":4},"end":{"line":37,"column":null}},"15":{"start":{"line":34,"column":6},"end":{"line":34,"column":null}},"16":{"start":{"line":36,"column":6},"end":{"line":36,"column":null}},"17":{"start":{"line":41,"column":16},"end":{"line":41,"column":31}},"18":{"start":{"line":42,"column":26},"end":{"line":42,"column":28}},"19":{"start":{"line":43,"column":4},"end":{"line":51,"column":null}},"20":{"start":{"line":45,"column":6},"end":{"line":45,"column":null}},"21":{"start":{"line":46,"column":11},"end":{"line":51,"column":null}},"22":{"start":{"line":48,"column":6},"end":{"line":48,"column":null}},"23":{"start":{"line":49,"column":6},"end":{"line":49,"column":null}},"24":{"start":{"line":50,"column":6},"end":{"line":50,"column":null}},"25":{"start":{"line":52,"column":4},"end":{"line":52,"column":null}},"26":{"start":{"line":56,"column":17},"end":{"line":56,"column":44}},"27":{"start":{"line":57,"column":4},"end":{"line":57,"column":null}},"28":{"start":{"line":61,"column":4},"end":{"line":61,"column":null}},"29":{"start":{"line":62,"column":4},"end":{"line":62,"column":null}},"30":{"start":{"line":66,"column":0},"end":{"line":66,"column":null}}},"fnMap":{"0":{"name":"(anonymous_0)","decl":{"start":{"line":10,"column":2},"end":{"line":10,"column":null}},"loc":{"start":{"line":10,"column":2},"end":{"line":15,"column":3}}},"1":{"name":"(anonymous_1)","decl":{"start":{"line":17,"column":2},"end":{"line":17,"column":8}},"loc":{"start":{"line":17,"column":24},"end":{"line":21,"column":3}}},"2":{"name":"(anonymous_2)","decl":{"start":{"line":23,"column":2},"end":{"line":23,"column":8}},"loc":{"start":{"line":23,"column":53},"end":{"line":30,"column":3}}},"3":{"name":"(anonymous_3)","decl":{"start":{"line":32,"column":2},"end":{"line":32,"column":7}},"loc":{"start":{"line":32,"column":37},"end":{"line":38,"column":3}}},"4":{"name":"(anonymous_4)","decl":{"start":{"line":40,"column":2},"end":{"line":40,"column":16}},"loc":{"start":{"line":40,"column":54},"end":{"line":53,"column":3}}},"5":{"name":"(anonymous_5)","decl":{"start":{"line":55,"column":2},"end":{"line":55,"column":6}},"loc":{"start":{"line":55,"column":21},"end":{"line":58,"column":3}}},"6":{"name":"(anonymous_6)","decl":{"start":{"line":60,"column":2},"end":{"line":60,"column":5}},"loc":{"start":{"line":60,"column":20},"end":{"line":63,"column":3}}}},"branchMap":{"0":{"loc":{"start":{"line":33,"column":4},"end":{"line":37,"column":null}},"type":"if","locations":[{"start":{"line":33,"column":4},"end":{"line":37,"column":null}},{"start":{"line":35,"column":11},"end":{"line":37,"column":null}}]},"1":{"loc":{"start":{"line":40,"column":41},"end":{"line":40,"column":54}},"type":"default-arg","locations":[{"start":{"line":40,"column":50},"end":{"line":40,"column":54}}]},"2":{"loc":{"start":{"line":43,"column":4},"end":{"line":51,"column":null}},"type":"if","locations":[{"start":{"line":43,"column":4},"end":{"line":51,"column":null}},{"start":{"line":46,"column":11},"end":{"line":51,"column":null}}]},"3":{"loc":{"start":{"line":46,"column":11},"end":{"line":51,"column":null}},"type":"if","locations":[{"start":{"line":46,"column":11},"end":{"line":51,"column":null}}]}},"s":{"0":1,"1":1,"2":1,"3":100,"4":100,"5":100,"6":100,"7":99,"8":99,"9":88,"10":11,"11":11,"12":11,"13":11,"14":11,"15":0,"16":11,"17":103,"18":103,"19":103,"20":100,"21":3,"22":3,"23":3,"24":3,"25":103,"26":100,"27":100,"28":100,"29":100,"30":1},"f":{"0":100,"1":99,"2":11,"3":11,"4":103,"5":100,"6":100},"b":{"0":[0,11],"1":[100],"2":[100,3],"3":[3]}}
,"/home/gardens/Desktop/web learning/stox/src/Tokens.ts": {"path":"/home/gardens/Desktop/web learning/stox/src/Tokens.ts","statementMap":{"0":{"start":{"line":1,"column":13},"end":{"line":11,"column":null}},"1":{"start":{"line":31,"column":4},"end":{"line":35,"column":null}},"2":{"start":{"line":32,"column":6},"end":{"line":32,"column":null}},"3":{"start":{"line":34,"column":6},"end":{"line":34,"column":null}},"4":{"start":{"line":36,"column":4},"end":{"line":36,"column":null}},"5":{"start":{"line":38,"column":4},"end":{"line":38,"column":null}},"6":{"start":{"line":39,"column":4},"end":{"line":39,"column":null}},"7":{"start":{"line":40,"column":4},"end":{"line":40,"column":null}},"8":{"start":{"line":42,"column":4},"end":{"line":44,"column":null}},"9":{"start":{"line":43,"column":6},"end":{"line":43,"column":null}},"10":{"start":{"line":48,"column":4},"end":{"line":48,"column":null}},"11":{"start":{"line":50,"column":4},"end":{"line":50,"column":null}},"12":{"start":{"line":52,"column":4},"end":{"line":52,"column":null}},"13":{"start":{"line":52,"column":28},"end":{"line":52,"column":null}},"14":{"start":{"line":53,"column":4},"end":{"line":53,"column":null}},"15":{"start":{"line":53,"column":28},"end":{"line":53,"column":null}},"16":{"start":{"line":54,"column":4},"end":{"line":54,"column":null}},"17":{"start":{"line":55,"column":4},"end":{"line":55,"column":null}},"18":{"start":{"line":59,"column":4},"end":{"line":59,"column":null}},"19":{"start":{"line":63,"column":4},"end":{"line":63,"column":null}},"20":{"start":{"line":67,"column":16},"end":{"line":67,"column":17}},"21":{"start":{"line":68,"column":17},"end":{"line":68,"column":28}},"22":{"start":{"line":69,"column":4},"end":{"line":72,"column":null}},"23":{"start":{"line":70,"column":6},"end":{"line":70,"column":null}},"24":{"start":{"line":71,"column":6},"end":{"line":71,"column":null}},"25":{"start":{"line":73,"column":4},"end":{"line":73,"column":null}},"26":{"start":{"line":78,"column":4},"end":{"line":80,"column":null}},"27":{"start":{"line":13,"column":0},"end":{"line":13,"column":13}},"28":{"start":{"line":90,"column":2},"end":{"line":95,"column":null}},"29":{"start":{"line":91,"column":4},"end":{"line":94,"column":null}},"30":{"start":{"line":92,"column":6},"end":{"line":94,"column":null}},"31":{"start":{"line":89,"column":0},"end":{"line":89,"column":16}}},"fnMap":{"0":{"name":"(anonymous_0)","decl":{"start":{"line":24,"column":2},"end":{"line":24,"column":null}},"loc":{"start":{"line":29,"column":28},"end":{"line":56,"column":3}}},"1":{"name":"(anonymous_1)","decl":{"start":{"line":58,"column":2},"end":{"line":58,"column":9}},"loc":{"start":{"line":58,"column":22},"end":{"line":60,"column":3}}},"2":{"name":"(anonymous_2)","decl":{"start":{"line":62,"column":2},"end":{"line":62,"column":11}},"loc":{"start":{"line":62,"column":25},"end":{"line":64,"column":3}}},"3":{"name":"(anonymous_3)","decl":{"start":{"line":66,"column":2},"end":{"line":66,"column":10}},"loc":{"start":{"line":66,"column":10},"end":{"line":74,"column":3}}},"4":{"name":"(anonymous_4)","decl":{"start":{"line":76,"column":2},"end":{"line":76,"column":10}},"loc":{"start":{"line":76,"column":10},"end":{"line":86,"column":3}}},"5":{"name":"canVisitTokens","decl":{"start":{"line":89,"column":16},"end":{"line":89,"column":30}},"loc":{"start":{"line":89,"column":34},"end":{"line":96,"column":1}}},"6":{"name":"(anonymous_6)","decl":{"start":{"line":90,"column":21},"end":{"line":90,"column":22}},"loc":{"start":{"line":90,"column":30},"end":{"line":95,"column":3}}}},"branchMap":{"0":{"loc":{"start":{"line":31,"column":4},"end":{"line":35,"column":null}},"type":"if","locations":[{"start":{"line":31,"column":4},"end":{"line":35,"column":null}},{"start":{"line":33,"column":11},"end":{"line":35,"column":null}}]},"1":{"loc":{"start":{"line":42,"column":4},"end":{"line":44,"column":null}},"type":"if","locations":[{"start":{"line":42,"column":4},"end":{"line":44,"column":null}}]},"2":{"loc":{"start":{"line":52,"column":4},"end":{"line":52,"column":null}},"type":"if","locations":[{"start":{"line":52,"column":4},"end":{"line":52,"column":null}}]},"3":{"loc":{"start":{"line":53,"column":4},"end":{"line":53,"column":null}},"type":"if","locations":[{"start":{"line":53,"column":4},"end":{"line":53,"column":null}}]},"4":{"loc":{"start":{"line":78,"column":14},"end":{"line":78,"column":55}},"type":"cond-expr","locations":[{"start":{"line":78,"column":29},"end":{"line":78,"column":41}},{"start":{"line":78,"column":44},"end":{"line":78,"column":55}}]},"5":{"loc":{"start":{"line":79,"column":6},"end":{"line":79,"column":null}},"type":"cond-expr","locations":[{"start":{"line":79,"column":25},"end":{"line":79,"column":40}},{"start":{"line":79,"column":43},"end":{"line":79,"column":null}}]},"6":{"loc":{"start":{"line":91,"column":4},"end":{"line":94,"column":null}},"type":"if","locations":[{"start":{"line":91,"column":4},"end":{"line":94,"column":null}}]}},"s":{"0":1,"1":1133,"2":0,"3":1133,"4":1133,"5":1133,"6":1133,"7":1133,"8":1133,"9":0,"10":1133,"11":1133,"12":1133,"13":0,"14":1133,"15":0,"16":1133,"17":1133,"18":4,"19":7,"20":0,"21":0,"22":0,"23":0,"24":0,"25":0,"26":2,"27":1,"28":100,"29":900,"30":0,"31":1},"f":{"0":1133,"1":4,"2":7,"3":0,"4":2,"5":100,"6":900},"b":{"0":[0,1133],"1":[0],"2":[0],"3":[0],"4":[2,0],"5":[0,2],"6":[0]}}
}
