TN:
SF:src/Interpreter.ts
FN:18,(anonymous_0)
FN:33,(anonymous_1)
FN:40,(anonymous_2)
FN:60,(anonymous_3)
FN:77,(anonymous_4)
FN:90,(anonymous_5)
FN:97,(anonymous_6)
FN:131,(anonymous_7)
FN:152,(anonymous_8)
FN:163,(anonymous_9)
FN:166,(anonymous_10)
FN:169,(anonymous_11)
FN:172,(anonymous_12)
FN:173,(anonymous_13)
FN:174,(anonymous_14)
FN:175,(anonymous_15)
FN:176,(anonymous_16)
FN:178,(anonymous_17)
FN:191,(anonymous_18)
FN:201,(anonymous_19)
FN:207,(anonymous_20)
FN:213,(anonymous_21)
FN:223,(anonymous_22)
FN:229,(anonymous_23)
FN:240,(anonymous_24)
FN:246,(anonymous_25)
FN:250,(anonymous_26)
FN:251,(anonymous_27)
FN:254,(anonymous_28)
FN:263,(anonymous_29)
FN:272,(anonymous_30)
FN:277,(anonymous_31)
FN:283,(anonymous_32)
FN:290,(anonymous_33)
FN:298,(anonymous_34)
FN:305,(anonymous_35)
FN:309,(anonymous_36)
FN:312,(anonymous_37)
FNF:38
FNH:21
FNDA:68,(anonymous_0)
FNDA:68,(anonymous_1)
FNDA:68,(anonymous_2)
FNDA:274,(anonymous_3)
FNDA:0,(anonymous_4)
FNDA:0,(anonymous_5)
FNDA:68,(anonymous_6)
FNDA:0,(anonymous_7)
FNDA:71,(anonymous_8)
FNDA:10,(anonymous_9)
FNDA:129,(anonymous_10)
FNDA:0,(anonymous_11)
FNDA:0,(anonymous_12)
FNDA:0,(anonymous_13)
FNDA:0,(anonymous_14)
FNDA:0,(anonymous_15)
FNDA:64,(anonymous_16)
FNDA:139,(anonymous_17)
FNDA:206,(anonymous_18)
FNDA:64,(anonymous_19)
FNDA:142,(anonymous_20)
FNDA:0,(anonymous_21)
FNDA:0,(anonymous_22)
FNDA:206,(anonymous_23)
FNDA:0,(anonymous_24)
FNDA:0,(anonymous_25)
FNDA:0,(anonymous_26)
FNDA:0,(anonymous_27)
FNDA:0,(anonymous_28)
FNDA:0,(anonymous_29)
FNDA:483,(anonymous_30)
FNDA:90,(anonymous_31)
FNDA:208,(anonymous_32)
FNDA:2,(anonymous_33)
FNDA:0,(anonymous_34)
FNDA:480,(anonymous_35)
FNDA:818,(anonymous_36)
FNDA:270,(anonymous_37)
DA:1,1
DA:2,1
DA:4,1
DA:19,68
DA:20,68
DA:22,68
DA:23,68
DA:24,68
DA:25,68
DA:26,68
DA:27,68
DA:28,68
DA:29,68
DA:30,68
DA:31,68
DA:35,68
DA:36,68
DA:41,68
DA:42,68
DA:43,68
DA:44,68
DA:45,274
DA:50,4
DA:51,3
DA:53,1
DA:56,64
DA:57,64
DA:61,274
DA:63,274
DA:64,0
DA:65,0
DA:70,274
DA:71,270
DA:72,270
DA:73,270
DA:81,0
DA:86,0
DA:89,0
DA:90,0
DA:91,0
DA:93,0
DA:94,0
DA:100,68
DA:103,68
DA:104,68
DA:105,68
DA:106,68
DA:107,68
DA:108,68
DA:109,420
DA:111,420
DA:113,0
DA:114,0
DA:115,0
DA:117,420
DA:118,0
DA:120,0
DA:121,0
DA:122,0
DA:125,0
DA:129,420
DA:131,420
DA:132,420
DA:136,420
DA:138,278
DA:146,68
DA:147,0
DA:148,68
DA:149,0
DA:150,68
DA:153,71
DA:155,71
DA:157,71
DA:158,67
DA:160,0
DA:164,10
DA:167,129
DA:170,0
DA:179,139
DA:187,139
DA:188,139
DA:192,206
DA:193,0
DA:194,0
DA:196,206
DA:197,206
DA:202,64
DA:204,64
DA:208,142
DA:209,142
DA:210,142
DA:214,0
DA:215,0
DA:216,0
DA:217,0
DA:218,0
DA:219,0
DA:224,0
DA:225,0
DA:226,0
DA:230,206
DA:232,206
DA:233,206
DA:234,206
DA:236,0
DA:242,0
DA:243,0
DA:247,0
DA:251,0
DA:256,0
DA:258,0
DA:259,0
DA:264,0
DA:265,0
DA:273,483
DA:274,0
DA:278,90
DA:279,3
DA:284,208
DA:285,0
DA:287,208
DA:291,2
DA:292,2
DA:293,0
DA:295,2
DA:299,0
DA:300,0
DA:302,0
DA:306,480
DA:310,818
DA:313,270
DA:317,1
LF:132
LH:84
BRDA:44,0,0,338
BRDA:44,0,1,338
BRDA:50,1,0,3
BRDA:50,1,1,1
BRDA:63,2,0,0
BRDA:63,2,1,274
BRDA:100,3,0,0
BRDA:100,3,1,68
BRDA:106,4,0,0
BRDA:106,4,1,68
BRDA:107,5,0,0
BRDA:107,5,1,68
BRDA:111,6,0,0
BRDA:111,6,1,420
BRDA:115,7,0,0
BRDA:117,8,0,0
BRDA:117,8,1,420
BRDA:120,9,0,0
BRDA:120,9,1,0
BRDA:122,10,0,0
BRDA:131,11,0,420
BRDA:131,11,1,420
BRDA:132,12,0,420
BRDA:132,12,1,420
BRDA:136,13,0,278
BRDA:136,13,1,142
BRDA:136,14,0,420
BRDA:136,14,1,278
BRDA:146,15,0,0
BRDA:146,15,1,68
BRDA:148,16,0,0
BRDA:155,17,0,71
BRDA:155,17,1,0
BRDA:192,18,0,0
BRDA:192,18,1,206
BRDA:214,19,0,0
BRDA:214,19,1,0
BRDA:217,20,0,0
BRDA:233,21,0,206
BRDA:233,21,1,0
BRDA:254,22,0,0
BRDA:264,23,0,0
BRDA:272,24,0,0
BRDA:273,25,0,0
BRDA:278,26,0,3
BRDA:278,27,0,90
BRDA:278,27,1,87
BRDA:284,28,0,0
BRDA:292,29,0,0
BRDA:299,30,0,0
BRDA:299,31,0,0
BRDA:299,31,1,0
BRF:52
BRH:25
end_of_record
TN:
SF:src/Lexer.ts
FN:12,(anonymous_0)
FN:22,(anonymous_1)
FN:33,(anonymous_2)
FN:72,(anonymous_3)
FN:99,(anonymous_4)
FN:103,(anonymous_5)
FN:107,(anonymous_6)
FN:121,(anonymous_7)
FN:128,(anonymous_8)
FN:157,(anonymous_9)
FN:167,(anonymous_10)
FN:180,(anonymous_11)
FN:186,(anonymous_12)
FN:191,(anonymous_13)
FN:195,(anonymous_14)
FN:198,(anonymous_15)
FN:202,(anonymous_16)
FN:210,(anonymous_17)
FN:218,(anonymous_18)
FN:223,(anonymous_19)
FN:230,(anonymous_20)
FNF:21
FNH:18
FNDA:68,(anonymous_0)
FNDA:68,(anonymous_1)
FNDA:352,(anonymous_2)
FNDA:71,(anonymous_3)
FNDA:129,(anonymous_4)
FNDA:71,(anonymous_5)
FNDA:129,(anonymous_6)
FNDA:0,(anonymous_7)
FNDA:10,(anonymous_8)
FNDA:142,(anonymous_9)
FNDA:0,(anonymous_10)
FNDA:795,(anonymous_11)
FNDA:317,(anonymous_12)
FNDA:107,(anonymous_13)
FNDA:760,(anonymous_14)
FNDA:601,(anonymous_15)
FNDA:352,(anonymous_16)
FNDA:352,(anonymous_17)
FNDA:0,(anonymous_18)
FNDA:453,(anonymous_19)
FNDA:589,(anonymous_20)
DA:1,1
DA:13,68
DA:14,68
DA:15,68
DA:16,68
DA:17,68
DA:18,68
DA:19,68
DA:23,68
DA:24,68
DA:25,352
DA:26,352
DA:28,68
DA:29,68
DA:30,68
DA:34,352
DA:40,352
DA:42,3
DA:44,0
DA:47,3
DA:49,349
DA:50,0
DA:51,349
DA:52,10
DA:53,339
DA:54,0
DA:55,0
DA:57,339
DA:58,0
DA:59,0
DA:60,339
DA:61,129
DA:62,210
DA:63,68
DA:64,142
DA:65,142
DA:68,0
DA:74,71
DA:76,71
DA:78,0
DA:79,0
DA:81,71
DA:83,0
DA:84,0
DA:88,71
DA:91,71
DA:92,71
DA:93,71
DA:95,71
DA:100,129
DA:104,71
DA:109,129
DA:112,129
DA:113,0
DA:116,0
DA:118,129
DA:122,0
DA:123,0
DA:125,0
DA:132,10
DA:137,45
DA:138,0
DA:140,45
DA:143,10
DA:144,0
DA:148,10
DA:150,10
DA:154,10
DA:160,142
DA:161,0
DA:163,142
DA:164,142
DA:168,0
DA:170,0
DA:172,0
DA:173,0
DA:175,0
DA:176,0
DA:181,795
DA:182,795
DA:183,723
DA:187,317
DA:192,107
DA:196,760
DA:199,601
DA:206,352
DA:207,352
DA:212,352
DA:213,352
DA:214,352
DA:215,352
DA:219,0
DA:220,0
DA:225,453
DA:226,453
DA:227,453
DA:231,589
DA:235,1
LF:98
LH:71
BRDA:12,0,0,68
BRDA:12,1,0,68
BRDA:22,2,0,0
BRDA:28,3,0,68
BRDA:40,4,0,3
BRDA:40,4,1,349
BRDA:42,5,0,0
BRDA:42,5,1,3
BRDA:49,6,0,0
BRDA:49,6,1,349
BRDA:49,7,0,349
BRDA:49,7,1,3
BRDA:51,8,0,10
BRDA:51,8,1,339
BRDA:51,9,0,349
BRDA:51,9,1,10
BRDA:53,10,0,0
BRDA:53,10,1,339
BRDA:57,11,0,0
BRDA:57,11,1,339
BRDA:60,12,0,129
BRDA:60,12,1,210
BRDA:62,13,0,68
BRDA:62,13,1,142
BRDA:64,14,0,142
BRDA:64,14,1,0
BRDA:76,15,0,0
BRDA:76,15,1,71
BRDA:81,16,0,0
BRDA:81,16,1,71
BRDA:93,17,0,71
BRDA:100,18,0,139
BRDA:100,18,1,10
BRDA:104,19,0,107
BRDA:104,19,1,104
BRDA:112,20,0,0
BRDA:112,21,0,129
BRDA:112,21,1,0
BRDA:122,22,0,0
BRDA:122,22,1,0
BRDA:133,23,0,55
BRDA:133,23,1,10
BRDA:133,23,2,10
BRDA:133,23,3,45
BRDA:137,24,0,0
BRDA:143,25,0,0
BRDA:160,26,0,142
BRDA:160,26,1,0
BRDA:168,27,0,0
BRDA:172,28,0,0
BRDA:172,28,1,0
BRDA:180,29,0,633
BRDA:181,30,0,0
BRDA:182,31,0,72
BRDA:187,32,0,317
BRDA:187,32,1,317
BRDA:187,32,2,172
BRDA:192,33,0,107
BRDA:192,33,1,107
BRDA:204,34,0,213
BRDA:210,35,0,213
BRDA:223,36,0,101
BRF:62
BRH:43
end_of_record
TN:
SF:src/StackOperation.ts
FN:11,(anonymous_0)
FN:25,(anonymous_1)
FNF:2
FNH:1
FNDA:206,(anonymous_0)
FNDA:0,(anonymous_1)
DA:4,1
DA:19,206
DA:20,206
DA:21,206
DA:22,206
DA:23,206
DA:27,0
DA:31,0
LF:8
LH:6
BRDA:21,0,0,206
BRDA:21,0,1,0
BRDA:21,1,0,206
BRDA:21,1,1,206
BRDA:22,2,0,206
BRDA:22,2,1,0
BRDA:22,3,0,206
BRDA:22,3,1,206
BRF:8
BRH:6
end_of_record
TN:
SF:src/StandardLib.ts
FN:10,(anonymous_0)
FN:19,(anonymous_1)
FN:26,(anonymous_2)
FN:44,(anonymous_3)
FN:79,(anonymous_4)
FN:100,(anonymous_5)
FN:114,(anonymous_6)
FN:135,(anonymous_7)
FN:154,(anonymous_8)
FN:192,(anonymous_9)
FN:213,(anonymous_10)
FN:243,(anonymous_11)
FN:254,(anonymous_12)
FN:266,(anonymous_13)
FN:282,makeBinaryOperation
FN:286,(anonymous_15)
FNF:16
FNH:3
FNDA:139,(anonymous_0)
FNDA:0,(anonymous_1)
FNDA:0,(anonymous_2)
FNDA:0,(anonymous_3)
FNDA:0,(anonymous_4)
FNDA:0,(anonymous_5)
FNDA:0,(anonymous_6)
FNDA:0,(anonymous_7)
FNDA:0,(anonymous_8)
FNDA:0,(anonymous_9)
FNDA:0,(anonymous_10)
FNDA:0,(anonymous_11)
FNDA:0,(anonymous_12)
FNDA:0,(anonymous_13)
FNDA:13,makeBinaryOperation
FNDA:71,(anonymous_15)
DA:2,1
DA:3,1
DA:9,1
DA:11,139
DA:12,139
DA:20,0
DA:27,0
DA:28,0
DA:29,0
DA:31,0
DA:32,0
DA:33,0
DA:34,0
DA:35,0
DA:36,0
DA:41,0
DA:43,0
DA:44,0
DA:45,0
DA:46,0
DA:47,0
DA:49,0
DA:50,0
DA:52,0
DA:53,0
DA:55,0
DA:61,0
DA:63,0
DA:70,0
DA:74,0
DA:80,0
DA:81,0
DA:82,0
DA:83,0
DA:84,0
DA:91,0
DA:92,0
DA:93,0
DA:101,0
DA:102,0
DA:103,0
DA:104,0
DA:105,0
DA:106,0
DA:107,0
DA:115,0
DA:116,0
DA:117,0
DA:118,0
DA:119,0
DA:120,0
DA:121,0
DA:128,0
DA:129,0
DA:136,0
DA:137,0
DA:138,0
DA:145,0
DA:146,0
DA:155,0
DA:156,0
DA:157,0
DA:158,0
DA:159,0
DA:160,0
DA:161,0
DA:162,0
DA:193,0
DA:194,0
DA:195,0
DA:196,0
DA:203,0
DA:215,0
DA:216,0
DA:217,0
DA:218,0
DA:222,0
DA:226,0
DA:229,0
DA:233,0
DA:240,0
DA:243,0
DA:244,0
DA:246,0
DA:247,0
DA:256,0
DA:257,0
DA:258,0
DA:259,0
DA:268,0
DA:269,0
DA:270,0
DA:271,0
DA:272,0
DA:273,0
DA:274,0
DA:286,13
DA:289,71
DA:290,71
DA:291,71
DA:292,71
DA:293,71
DA:296,71
DA:297,44
DA:298,44
DA:303,68
DA:304,0
DA:305,0
DA:306,0
DA:307,0
DA:311,68
DA:312,68
DA:313,68
DA:315,68
DA:316,68
DA:317,68
DA:318,68
DA:319,68
DA:321,68
DA:324,4
DA:325,2
DA:326,2
DA:327,2
DA:328,2
DA:330,0
DA:331,0
DA:333,4
DA:335,5
DA:336,2
DA:337,2
DA:338,3
DA:339,1
DA:340,1
DA:341,1
DA:342,1
DA:343,2
DA:344,1
DA:345,1
DA:346,1
DA:347,1
DA:349,1
DA:350,0
DA:352,4
DA:354,2
DA:355,2
DA:357,2
DA:358,2
DA:360,1
DA:361,1
DA:366,0
DA:367,0
DA:369,0
DA:370,0
DA:373,9
DA:374,9
DA:376,9
DA:377,9
DA:379,9
DA:380,9
DA:382,9
DA:383,9
DA:385,9
DA:389,9
DA:391,9
DA:395,9
DA:398,0
DA:399,0
DA:400,0
DA:403,67
DA:411,67
DA:412,67
LF:171
LH:66
BRDA:29,0,0,0
BRDA:29,0,1,0
BRDA:41,1,0,0
BRDA:41,1,1,0
BRDA:45,2,0,0
BRDA:45,2,1,0
BRDA:46,3,0,0
BRDA:195,4,0,0
BRDA:195,4,1,0
BRDA:217,5,0,0
BRDA:217,5,1,0
BRDA:222,6,0,0
BRDA:223,7,0,0
BRDA:223,7,1,0
BRDA:272,8,0,0
BRDA:272,8,1,0
BRDA:284,9,0,11
BRDA:284,10,0,6
BRDA:296,11,0,44
BRDA:303,12,0,0
BRDA:305,13,0,0
BRDA:305,13,1,0
BRDA:307,14,0,0
BRDA:307,14,1,0
BRDA:315,15,0,68
BRDA:315,15,1,65
BRDA:316,16,0,68
BRDA:316,16,1,3
BRDA:317,17,0,68
BRDA:317,17,1,65
BRDA:318,18,0,68
BRDA:318,18,1,3
BRDA:319,19,0,68
BRDA:319,19,1,65
BRDA:321,20,0,4
BRDA:321,20,1,5
BRDA:321,20,2,2
BRDA:321,20,3,2
BRDA:321,20,4,1
BRDA:321,20,5,0
BRDA:321,20,6,0
BRDA:321,20,7,9
BRDA:321,20,8,9
BRDA:321,20,9,9
BRDA:321,20,10,9
BRDA:321,20,11,9
BRDA:321,20,12,9
BRDA:321,20,13,0
BRDA:324,21,0,2
BRDA:324,21,1,2
BRDA:326,22,0,2
BRDA:326,22,1,0
BRDA:335,23,0,2
BRDA:335,23,1,3
BRDA:338,24,0,1
BRDA:338,24,1,2
BRDA:343,25,0,1
BRDA:343,25,1,1
BRDA:366,26,0,0
BRDA:366,26,1,0
BRDA:369,27,0,0
BRDA:369,27,1,0
BRDA:373,28,0,3
BRDA:373,28,1,6
BRDA:376,29,0,6
BRDA:376,29,1,3
BRDA:379,30,0,3
BRDA:379,30,1,6
BRDA:382,31,0,6
BRDA:382,31,1,3
BRDA:386,32,0,3
BRDA:386,32,1,6
BRDA:386,33,0,9
BRDA:386,33,1,9
BRDA:392,34,0,3
BRDA:392,34,1,6
BRDA:392,35,0,9
BRDA:392,35,1,9
BRF:78
BRH:49
end_of_record
TN:
SF:src/Stox.ts
FN:10,(anonymous_0)
FN:17,(anonymous_1)
FN:23,(anonymous_2)
FN:31,(anonymous_3)
FN:39,(anonymous_4)
FN:54,(anonymous_5)
FN:59,(anonymous_6)
FNF:7
FNH:7
FNDA:68,(anonymous_0)
FNDA:68,(anonymous_1)
FNDA:4,(anonymous_2)
FNDA:4,(anonymous_3)
FNDA:68,(anonymous_4)
FNDA:68,(anonymous_5)
FNDA:68,(anonymous_6)
DA:1,1
DA:2,1
DA:3,1
DA:11,68
DA:12,68
DA:13,68
DA:14,68
DA:18,68
DA:19,68
DA:20,64
DA:24,4
DA:25,4
DA:26,4
DA:27,4
DA:28,4
DA:32,4
DA:33,0
DA:35,4
DA:40,68
DA:41,68
DA:42,68
DA:44,68
DA:45,0
DA:47,0
DA:48,0
DA:49,0
DA:51,68
DA:55,68
DA:56,68
DA:60,68
DA:61,68
DA:65,1
LF:32
LH:27
BRDA:32,0,0,0
BRDA:32,0,1,4
BRDA:39,1,0,68
BRDA:42,2,0,68
BRDA:42,2,1,0
BRDA:45,3,0,0
BRF:6
BRH:3
end_of_record
TN:
SF:src/Tokens.ts
FN:24,(anonymous_0)
FN:58,(anonymous_1)
FN:62,(anonymous_2)
FN:66,(anonymous_3)
FN:76,(anonymous_4)
FN:89,canVisitTokens
FN:90,(anonymous_6)
FNF:7
FNH:3
FNDA:758,(anonymous_0)
FNDA:0,(anonymous_1)
FNDA:0,(anonymous_2)
FNDA:0,(anonymous_3)
FNDA:0,(anonymous_4)
FNDA:68,canVisitTokens
FNDA:612,(anonymous_6)
DA:1,1
DA:13,1
DA:31,758
DA:32,0
DA:34,758
DA:36,758
DA:38,758
DA:39,758
DA:40,758
DA:42,758
DA:43,0
DA:48,758
DA:50,758
DA:52,758
DA:53,758
DA:54,758
DA:55,758
DA:59,0
DA:63,0
DA:67,0
DA:68,0
DA:69,0
DA:70,0
DA:71,0
DA:73,0
DA:78,0
DA:89,1
DA:90,68
DA:91,612
DA:92,0
LF:30
LH:18
BRDA:31,0,0,0
BRDA:31,0,1,758
BRDA:42,1,0,0
BRDA:52,2,0,0
BRDA:53,3,0,0
BRDA:78,4,0,0
BRDA:78,4,1,0
BRDA:79,5,0,0
BRDA:79,5,1,0
BRDA:91,6,0,0
BRF:10
BRH:1
end_of_record
