TN:
SF:src/Interpreter.ts
FN:18,(anonymous_0)
FN:33,(anonymous_1)
FN:40,(anonymous_2)
FN:60,(anonymous_3)
FN:77,(anonymous_4)
FN:90,(anonymous_5)
FN:97,(anonymous_6)
FN:131,(anonymous_7)
FN:152,(anonymous_8)
FN:163,(anonymous_9)
FN:166,(anonymous_10)
FN:169,(anonymous_11)
FN:172,(anonymous_12)
FN:173,(anonymous_13)
FN:174,(anonymous_14)
FN:175,(anonymous_15)
FN:176,(anonymous_16)
FN:178,(anonymous_17)
FN:191,(anonymous_18)
FN:201,(anonymous_19)
FN:207,(anonymous_20)
FN:213,(anonymous_21)
FN:223,(anonymous_22)
FN:229,(anonymous_23)
FN:240,(anonymous_24)
FN:246,(anonymous_25)
FN:250,(anonymous_26)
FN:251,(anonymous_27)
FN:254,(anonymous_28)
FN:263,(anonymous_29)
FN:272,(anonymous_30)
FN:277,(anonymous_31)
FN:283,(anonymous_32)
FN:290,(anonymous_33)
FN:298,(anonymous_34)
FN:305,(anonymous_35)
FN:309,(anonymous_36)
FN:312,(anonymous_37)
FNF:38
FNH:31
FNDA:100,(anonymous_0)
FNDA:100,(anonymous_1)
FNDA:100,(anonymous_2)
FNDA:411,(anonymous_3)
FNDA:2,(anonymous_4)
FNDA:2,(anonymous_5)
FNDA:102,(anonymous_6)
FNDA:16,(anonymous_7)
FNDA:110,(anonymous_8)
FNDA:38,(anonymous_9)
FNDA:169,(anonymous_10)
FNDA:4,(anonymous_11)
FNDA:0,(anonymous_12)
FNDA:1,(anonymous_13)
FNDA:0,(anonymous_14)
FNDA:0,(anonymous_15)
FNDA:89,(anonymous_16)
FNDA:211,(anonymous_17)
FNDA:280,(anonymous_18)
FNDA:87,(anonymous_19)
FNDA:188,(anonymous_20)
FNDA:2,(anonymous_21)
FNDA:2,(anonymous_22)
FNDA:299,(anonymous_23)
FNDA:0,(anonymous_24)
FNDA:2,(anonymous_25)
FNDA:0,(anonymous_26)
FNDA:0,(anonymous_27)
FNDA:0,(anonymous_28)
FNDA:16,(anonymous_29)
FNDA:692,(anonymous_30)
FNDA:90,(anonymous_31)
FNDA:305,(anonymous_32)
FNDA:2,(anonymous_33)
FNDA:4,(anonymous_34)
FNDA:721,(anonymous_35)
FNDA:1226,(anonymous_36)
FNDA:400,(anonymous_37)
DA:1,1
DA:2,1
DA:4,1
DA:19,100
DA:20,100
DA:22,100
DA:23,100
DA:24,100
DA:25,100
DA:26,100
DA:27,100
DA:28,100
DA:29,100
DA:30,100
DA:31,100
DA:35,100
DA:36,100
DA:41,100
DA:42,100
DA:43,100
DA:44,100
DA:45,411
DA:50,11
DA:51,4
DA:53,7
DA:56,89
DA:57,89
DA:61,411
DA:63,411
DA:64,0
DA:65,0
DA:70,411
DA:71,400
DA:72,400
DA:73,400
DA:81,2
DA:86,2
DA:89,2
DA:90,2
DA:91,2
DA:93,2
DA:94,2
DA:100,102
DA:103,102
DA:104,102
DA:105,102
DA:106,102
DA:107,102
DA:108,102
DA:109,662
DA:111,662
DA:113,4
DA:114,4
DA:115,4
DA:117,658
DA:118,4
DA:120,4
DA:121,4
DA:122,4
DA:125,0
DA:129,654
DA:131,654
DA:132,654
DA:136,654
DA:138,417
DA:146,102
DA:147,0
DA:148,102
DA:149,0
DA:150,102
DA:153,110
DA:155,110
DA:157,108
DA:158,97
DA:160,2
DA:164,38
DA:167,169
DA:170,4
DA:179,211
DA:187,211
DA:188,211
DA:192,280
DA:193,0
DA:194,0
DA:196,280
DA:197,280
DA:202,87
DA:204,87
DA:208,188
DA:209,188
DA:210,188
DA:214,2
DA:215,0
DA:216,0
DA:217,2
DA:218,2
DA:219,2
DA:224,2
DA:225,2
DA:226,2
DA:230,299
DA:232,299
DA:233,299
DA:234,299
DA:236,0
DA:242,0
DA:243,0
DA:247,2
DA:251,0
DA:256,0
DA:258,0
DA:259,0
DA:264,16
DA:265,0
DA:273,692
DA:274,1
DA:278,90
DA:279,3
DA:284,305
DA:285,0
DA:287,305
DA:291,2
DA:292,2
DA:293,0
DA:295,2
DA:299,4
DA:300,0
DA:302,4
DA:306,721
DA:310,1226
DA:313,400
DA:317,1
LF:132
LH:112
BRDA:44,0,0,500
BRDA:44,0,1,500
BRDA:50,1,0,4
BRDA:50,1,1,7
BRDA:63,2,0,0
BRDA:63,2,1,411
BRDA:100,3,0,2
BRDA:100,3,1,100
BRDA:106,4,0,2
BRDA:106,4,1,100
BRDA:107,5,0,2
BRDA:107,5,1,100
BRDA:111,6,0,4
BRDA:111,6,1,658
BRDA:115,7,0,2
BRDA:117,8,0,4
BRDA:117,8,1,654
BRDA:120,9,0,4
BRDA:120,9,1,0
BRDA:122,10,0,2
BRDA:131,11,0,654
BRDA:131,11,1,638
BRDA:132,12,0,654
BRDA:132,12,1,648
BRDA:136,13,0,417
BRDA:136,13,1,237
BRDA:136,14,0,654
BRDA:136,14,1,425
BRDA:146,15,0,0
BRDA:146,15,1,102
BRDA:148,16,0,0
BRDA:155,17,0,108
BRDA:155,17,1,2
BRDA:192,18,0,0
BRDA:192,18,1,280
BRDA:214,19,0,0
BRDA:214,19,1,2
BRDA:217,20,0,2
BRDA:233,21,0,299
BRDA:233,21,1,0
BRDA:254,22,0,0
BRDA:264,23,0,0
BRDA:272,24,0,0
BRDA:273,25,0,1
BRDA:278,26,0,3
BRDA:278,27,0,90
BRDA:278,27,1,87
BRDA:284,28,0,0
BRDA:292,29,0,0
BRDA:299,30,0,0
BRDA:299,31,0,4
BRDA:299,31,1,0
BRF:52
BRH:38
end_of_record
TN:
SF:src/Lexer.ts
FN:12,(anonymous_0)
FN:22,(anonymous_1)
FN:33,(anonymous_2)
FN:72,(anonymous_3)
FN:99,(anonymous_4)
FN:103,(anonymous_5)
FN:107,(anonymous_6)
FN:121,(anonymous_7)
FN:128,(anonymous_8)
FN:157,(anonymous_9)
FN:167,(anonymous_10)
FN:180,(anonymous_11)
FN:186,(anonymous_12)
FN:191,(anonymous_13)
FN:195,(anonymous_14)
FN:198,(anonymous_15)
FN:202,(anonymous_16)
FN:210,(anonymous_17)
FN:218,(anonymous_18)
FN:223,(anonymous_19)
FN:230,(anonymous_20)
FNF:21
FNH:18
FNDA:103,(anonymous_0)
FNDA:103,(anonymous_1)
FNDA:547,(anonymous_2)
FNDA:118,(anonymous_3)
FNDA:171,(anonymous_4)
FNDA:118,(anonymous_5)
FNDA:169,(anonymous_6)
FNDA:0,(anonymous_7)
FNDA:38,(anonymous_8)
FNDA:222,(anonymous_9)
FNDA:0,(anonymous_10)
FNDA:1403,(anonymous_11)
FNDA:558,(anonymous_12)
FNDA:221,(anonymous_13)
FNDA:1240,(anonymous_14)
FNDA:1002,(anonymous_15)
FNDA:547,(anonymous_16)
FNDA:547,(anonymous_17)
FNDA:0,(anonymous_18)
FNDA:809,(anonymous_19)
FNDA:1013,(anonymous_20)
DA:1,1
DA:13,103
DA:14,103
DA:15,103
DA:16,103
DA:17,103
DA:18,103
DA:19,103
DA:23,103
DA:24,103
DA:25,547
DA:26,547
DA:28,103
DA:29,100
DA:30,103
DA:34,547
DA:40,547
DA:42,3
DA:44,0
DA:47,3
DA:49,544
DA:50,0
DA:51,544
DA:52,38
DA:53,506
DA:54,0
DA:55,0
DA:57,506
DA:58,0
DA:59,0
DA:60,506
DA:61,169
DA:62,337
DA:63,115
DA:64,222
DA:65,222
DA:68,0
DA:74,118
DA:76,118
DA:78,2
DA:79,2
DA:81,116
DA:83,2
DA:84,2
DA:88,114
DA:91,114
DA:92,114
DA:93,114
DA:95,114
DA:100,171
DA:104,118
DA:109,169
DA:112,169
DA:113,2
DA:116,2
DA:118,169
DA:122,0
DA:123,0
DA:125,0
DA:132,38
DA:137,103
DA:138,0
DA:140,103
DA:143,38
DA:144,0
DA:148,38
DA:150,38
DA:154,38
DA:160,222
DA:161,0
DA:163,222
DA:164,222
DA:168,0
DA:170,0
DA:172,0
DA:173,0
DA:175,0
DA:176,0
DA:181,1403
DA:182,1403
DA:183,1296
DA:187,558
DA:192,221
DA:196,1240
DA:199,1002
DA:206,547
DA:207,547
DA:212,547
DA:213,547
DA:214,547
DA:215,547
DA:219,0
DA:220,0
DA:225,809
DA:226,809
DA:227,809
DA:231,1013
DA:235,1
LF:98
LH:77
BRDA:12,0,0,103
BRDA:12,1,0,103
BRDA:22,2,0,0
BRDA:28,3,0,100
BRDA:40,4,0,3
BRDA:40,4,1,544
BRDA:42,5,0,0
BRDA:42,5,1,3
BRDA:49,6,0,0
BRDA:49,6,1,544
BRDA:49,7,0,544
BRDA:49,7,1,3
BRDA:51,8,0,38
BRDA:51,8,1,506
BRDA:51,9,0,544
BRDA:51,9,1,38
BRDA:53,10,0,0
BRDA:53,10,1,506
BRDA:57,11,0,0
BRDA:57,11,1,506
BRDA:60,12,0,169
BRDA:60,12,1,337
BRDA:62,13,0,115
BRDA:62,13,1,222
BRDA:64,14,0,222
BRDA:64,14,1,0
BRDA:76,15,0,2
BRDA:76,15,1,116
BRDA:81,16,0,2
BRDA:81,16,1,114
BRDA:93,17,0,110
BRDA:100,18,0,187
BRDA:100,18,1,16
BRDA:104,19,0,221
BRDA:104,19,1,206
BRDA:112,20,0,2
BRDA:112,21,0,169
BRDA:112,21,1,2
BRDA:122,22,0,0
BRDA:122,22,1,0
BRDA:133,23,0,141
BRDA:133,23,1,40
BRDA:133,23,2,40
BRDA:133,23,3,103
BRDA:137,24,0,0
BRDA:143,25,0,0
BRDA:160,26,0,222
BRDA:160,26,1,0
BRDA:168,27,0,0
BRDA:172,28,0,0
BRDA:172,28,1,0
BRDA:180,29,0,1089
BRDA:181,30,0,0
BRDA:182,31,0,107
BRDA:187,32,0,558
BRDA:187,32,1,558
BRDA:187,32,2,321
BRDA:192,33,0,221
BRDA:192,33,1,221
BRDA:204,34,0,336
BRDA:210,35,0,336
BRDA:223,36,0,262
BRF:62
BRH:47
end_of_record
TN:
SF:src/StackOperation.ts
FN:11,(anonymous_0)
FN:25,(anonymous_1)
FNF:2
FNH:1
FNDA:310,(anonymous_0)
FNDA:0,(anonymous_1)
DA:4,1
DA:19,310
DA:20,310
DA:21,310
DA:22,310
DA:23,310
DA:27,0
DA:31,0
LF:8
LH:6
BRDA:21,0,0,310
BRDA:21,0,1,0
BRDA:21,1,0,310
BRDA:21,1,1,310
BRDA:22,2,0,310
BRDA:22,2,1,0
BRDA:22,3,0,310
BRDA:22,3,1,310
BRF:8
BRH:6
end_of_record
TN:
SF:src/StandardLib.ts
FN:10,(anonymous_0)
FN:19,(anonymous_1)
FN:26,(anonymous_2)
FN:44,(anonymous_3)
FN:79,(anonymous_4)
FN:100,(anonymous_5)
FN:114,(anonymous_6)
FN:135,(anonymous_7)
FN:154,(anonymous_8)
FN:192,(anonymous_9)
FN:214,(anonymous_10)
FN:244,(anonymous_11)
FN:255,(anonymous_12)
FN:267,(anonymous_13)
FN:283,makeBinaryOperation
FN:287,(anonymous_15)
FNF:16
FNH:16
FNDA:211,(anonymous_0)
FNDA:1,(anonymous_1)
FNDA:6,(anonymous_2)
FNDA:5,(anonymous_3)
FNDA:4,(anonymous_4)
FNDA:1,(anonymous_5)
FNDA:1,(anonymous_6)
FNDA:2,(anonymous_7)
FNDA:1,(anonymous_8)
FNDA:2,(anonymous_9)
FNDA:5,(anonymous_10)
FNDA:5,(anonymous_11)
FNDA:2,(anonymous_12)
FNDA:2,(anonymous_13)
FNDA:13,makeBinaryOperation
FNDA:81,(anonymous_15)
DA:2,1
DA:3,1
DA:9,1
DA:11,211
DA:12,211
DA:20,1
DA:27,6
DA:28,5
DA:29,5
DA:31,1
DA:32,1
DA:33,1
DA:34,1
DA:35,1
DA:36,1
DA:41,4
DA:43,3
DA:44,5
DA:45,3
DA:46,2
DA:47,1
DA:49,1
DA:50,1
DA:52,1
DA:53,1
DA:55,1
DA:61,1
DA:63,0
DA:70,1
DA:74,0
DA:80,4
DA:81,4
DA:82,4
DA:83,4
DA:84,4
DA:91,4
DA:92,4
DA:93,4
DA:101,1
DA:102,1
DA:103,1
DA:104,1
DA:105,1
DA:106,1
DA:107,1
DA:115,1
DA:116,1
DA:117,1
DA:118,1
DA:119,1
DA:120,1
DA:121,1
DA:128,1
DA:129,1
DA:136,2
DA:137,2
DA:138,2
DA:145,2
DA:146,2
DA:155,1
DA:156,1
DA:157,1
DA:158,1
DA:159,1
DA:160,1
DA:161,1
DA:162,1
DA:193,2
DA:194,2
DA:195,2
DA:196,2
DA:203,2
DA:204,2
DA:216,5
DA:217,5
DA:218,5
DA:219,2
DA:223,3
DA:227,0
DA:230,3
DA:234,3
DA:241,3
DA:244,3
DA:245,5
DA:247,3
DA:248,3
DA:257,2
DA:258,2
DA:259,2
DA:260,2
DA:269,2
DA:270,2
DA:271,2
DA:272,2
DA:273,2
DA:274,2
DA:275,2
DA:287,13
DA:290,81
DA:291,81
DA:292,81
DA:293,81
DA:294,81
DA:297,81
DA:298,44
DA:299,44
DA:304,78
DA:305,8
DA:306,8
DA:307,8
DA:308,8
DA:312,78
DA:313,78
DA:314,78
DA:316,78
DA:317,78
DA:318,78
DA:319,78
DA:320,78
DA:322,78
DA:325,6
DA:326,2
DA:327,4
DA:328,3
DA:329,3
DA:331,1
DA:332,0
DA:334,5
DA:336,5
DA:337,2
DA:338,3
DA:339,1
DA:340,1
DA:341,1
DA:342,1
DA:343,2
DA:344,1
DA:345,1
DA:346,1
DA:347,1
DA:349,1
DA:350,0
DA:352,4
DA:354,2
DA:355,2
DA:357,2
DA:358,2
DA:360,1
DA:361,1
DA:366,4
DA:367,4
DA:369,4
DA:370,4
DA:373,9
DA:374,9
DA:376,9
DA:377,9
DA:379,9
DA:380,9
DA:382,9
DA:383,9
DA:385,9
DA:389,9
DA:391,9
DA:395,9
DA:398,0
DA:399,0
DA:400,0
DA:403,76
DA:411,76
DA:412,76
LF:171
LH:163
BRDA:29,0,0,1
BRDA:29,0,1,4
BRDA:41,1,0,3
BRDA:41,1,1,1
BRDA:45,2,0,2
BRDA:45,2,1,1
BRDA:46,3,0,1
BRDA:195,4,0,1
BRDA:195,4,1,1
BRDA:218,5,0,2
BRDA:218,5,1,3
BRDA:223,6,0,0
BRDA:224,7,0,3
BRDA:224,7,1,3
BRDA:273,8,0,1
BRDA:273,8,1,1
BRDA:285,9,0,11
BRDA:285,10,0,6
BRDA:297,11,0,44
BRDA:304,12,0,8
BRDA:306,13,0,4
BRDA:306,13,1,4
BRDA:308,14,0,4
BRDA:308,14,1,4
BRDA:316,15,0,78
BRDA:316,15,1,75
BRDA:317,16,0,78
BRDA:317,16,1,5
BRDA:318,17,0,78
BRDA:318,17,1,73
BRDA:319,18,0,78
BRDA:319,18,1,3
BRDA:320,19,0,78
BRDA:320,19,1,73
BRDA:322,20,0,6
BRDA:322,20,1,5
BRDA:322,20,2,2
BRDA:322,20,3,2
BRDA:322,20,4,1
BRDA:322,20,5,4
BRDA:322,20,6,4
BRDA:322,20,7,9
BRDA:322,20,8,9
BRDA:322,20,9,9
BRDA:322,20,10,9
BRDA:322,20,11,9
BRDA:322,20,12,9
BRDA:322,20,13,0
BRDA:325,21,0,2
BRDA:325,21,1,4
BRDA:327,22,0,3
BRDA:327,22,1,1
BRDA:336,23,0,2
BRDA:336,23,1,3
BRDA:338,24,0,1
BRDA:338,24,1,2
BRDA:343,25,0,1
BRDA:343,25,1,1
BRDA:366,26,0,4
BRDA:366,26,1,2
BRDA:369,27,0,4
BRDA:369,27,1,2
BRDA:373,28,0,3
BRDA:373,28,1,6
BRDA:376,29,0,6
BRDA:376,29,1,3
BRDA:379,30,0,3
BRDA:379,30,1,6
BRDA:382,31,0,6
BRDA:382,31,1,3
BRDA:386,32,0,3
BRDA:386,32,1,6
BRDA:386,33,0,9
BRDA:386,33,1,9
BRDA:392,34,0,3
BRDA:392,34,1,6
BRDA:392,35,0,9
BRDA:392,35,1,9
BRF:78
BRH:76
end_of_record
TN:
SF:src/Stox.ts
FN:10,(anonymous_0)
FN:17,(anonymous_1)
FN:23,(anonymous_2)
FN:32,(anonymous_3)
FN:40,(anonymous_4)
FN:55,(anonymous_5)
FN:60,(anonymous_6)
FNF:7
FNH:7
FNDA:100,(anonymous_0)
FNDA:99,(anonymous_1)
FNDA:11,(anonymous_2)
FNDA:11,(anonymous_3)
FNDA:103,(anonymous_4)
FNDA:100,(anonymous_5)
FNDA:100,(anonymous_6)
DA:1,1
DA:2,1
DA:3,1
DA:11,100
DA:12,100
DA:13,100
DA:14,100
DA:18,99
DA:19,99
DA:20,88
DA:24,11
DA:27,11
DA:28,11
DA:29,11
DA:33,11
DA:34,0
DA:36,11
DA:41,103
DA:42,103
DA:43,103
DA:45,100
DA:46,3
DA:48,3
DA:49,3
DA:50,3
DA:52,103
DA:56,100
DA:57,100
DA:61,100
DA:62,100
DA:66,1
LF:31
LH:30
BRDA:33,0,0,0
BRDA:33,0,1,11
BRDA:40,1,0,100
BRDA:43,2,0,100
BRDA:43,2,1,3
BRDA:46,3,0,3
BRF:6
BRH:5
end_of_record
TN:
SF:src/Tokens.ts
FN:24,(anonymous_0)
FN:58,(anonymous_1)
FN:62,(anonymous_2)
FN:66,(anonymous_3)
FN:76,(anonymous_4)
FN:89,canVisitTokens
FN:90,(anonymous_6)
FNF:7
FNH:6
FNDA:1133,(anonymous_0)
FNDA:4,(anonymous_1)
FNDA:7,(anonymous_2)
FNDA:0,(anonymous_3)
FNDA:2,(anonymous_4)
FNDA:100,canVisitTokens
FNDA:900,(anonymous_6)
DA:1,1
DA:13,1
DA:31,1133
DA:32,0
DA:34,1133
DA:36,1133
DA:38,1133
DA:39,1133
DA:40,1133
DA:42,1133
DA:43,0
DA:48,1133
DA:50,1133
DA:52,1133
DA:53,1133
DA:54,1133
DA:55,1133
DA:59,4
DA:63,7
DA:67,0
DA:68,0
DA:69,0
DA:70,0
DA:71,0
DA:73,0
DA:78,2
DA:89,1
DA:90,100
DA:91,900
DA:92,0
LF:30
LH:21
BRDA:31,0,0,0
BRDA:31,0,1,1133
BRDA:42,1,0,0
BRDA:52,2,0,0
BRDA:53,3,0,0
BRDA:78,4,0,2
BRDA:78,4,1,0
BRDA:79,5,0,0
BRDA:79,5,1,2
BRDA:91,6,0,0
BRF:10
BRH:3
end_of_record
